[1.046s] Invoking command in '/home/roboarm/panda_ws/src/panda_nlp': PYTHONPATH=/home/roboarm/panda_ws/build/panda_nlp/prefix_override:/usr/lib/python3/dist-packages/colcon_core/task/python/colcon_distutils_commands:/home/roboarm/panda_ws/install/panda_nlp/lib/python3.10/site-packages:${PYTHONPATH} /usr/bin/python3 -W ignore:setup.py install is deprecated -W ignore:easy_install command is deprecated setup.py egg_info --egg-base ../../build/panda_nlp build --build-base /home/roboarm/panda_ws/build/panda_nlp/build install --record /home/roboarm/panda_ws/build/panda_nlp/install.log --single-version-externally-managed install_data
[1.237s] running egg_info
[1.238s] creating ../../build/panda_nlp/panda_nlp.egg-info
[1.238s] writing ../../build/panda_nlp/panda_nlp.egg-info/PKG-INFO
[1.238s] writing dependency_links to ../../build/panda_nlp/panda_nlp.egg-info/dependency_links.txt
[1.238s] writing entry points to ../../build/panda_nlp/panda_nlp.egg-info/entry_points.txt
[1.238s] writing requirements to ../../build/panda_nlp/panda_nlp.egg-info/requires.txt
[1.238s] writing top-level names to ../../build/panda_nlp/panda_nlp.egg-info/top_level.txt
[1.238s] writing manifest file '../../build/panda_nlp/panda_nlp.egg-info/SOURCES.txt'
[1.240s] reading manifest file '../../build/panda_nlp/panda_nlp.egg-info/SOURCES.txt'
[1.240s] writing manifest file '../../build/panda_nlp/panda_nlp.egg-info/SOURCES.txt'
[1.241s] running build
[1.241s] running build_py
[1.241s] creating /home/roboarm/panda_ws/build/panda_nlp/build
[1.241s] creating /home/roboarm/panda_ws/build/panda_nlp/build/lib
[1.241s] creating /home/roboarm/panda_ws/build/panda_nlp/build/lib/panda_nlp
[1.241s] copying panda_nlp/voice_nlp_core.py -> /home/roboarm/panda_ws/build/panda_nlp/build/lib/panda_nlp
[1.242s] copying panda_nlp/__init__.py -> /home/roboarm/panda_ws/build/panda_nlp/build/lib/panda_nlp
[1.242s] copying panda_nlp/voice_command_node.py -> /home/roboarm/panda_ws/build/panda_nlp/build/lib/panda_nlp
[1.242s] running install
[1.243s] running install_lib
[1.243s] creating /home/roboarm/panda_ws/install/panda_nlp/lib/python3.10/site-packages/panda_nlp
[1.243s] copying /home/roboarm/panda_ws/build/panda_nlp/build/lib/panda_nlp/voice_nlp_core.py -> /home/roboarm/panda_ws/install/panda_nlp/lib/python3.10/site-packages/panda_nlp
[1.244s] copying /home/roboarm/panda_ws/build/panda_nlp/build/lib/panda_nlp/__init__.py -> /home/roboarm/panda_ws/install/panda_nlp/lib/python3.10/site-packages/panda_nlp
[1.244s] copying /home/roboarm/panda_ws/build/panda_nlp/build/lib/panda_nlp/voice_command_node.py -> /home/roboarm/panda_ws/install/panda_nlp/lib/python3.10/site-packages/panda_nlp
[1.244s] byte-compiling /home/roboarm/panda_ws/install/panda_nlp/lib/python3.10/site-packages/panda_nlp/voice_nlp_core.py to voice_nlp_core.cpython-310.pyc
[1.246s] byte-compiling /home/roboarm/panda_ws/install/panda_nlp/lib/python3.10/site-packages/panda_nlp/__init__.py to __init__.cpython-310.pyc
[1.246s] byte-compiling /home/roboarm/panda_ws/install/panda_nlp/lib/python3.10/site-packages/panda_nlp/voice_command_node.py to voice_command_node.cpython-310.pyc
[1.246s] running install_data
[1.247s] creating /home/roboarm/panda_ws/install/panda_nlp/share/ament_index
[1.247s] creating /home/roboarm/panda_ws/install/panda_nlp/share/ament_index/resource_index
[1.247s] creating /home/roboarm/panda_ws/install/panda_nlp/share/ament_index/resource_index/packages
[1.247s] copying resource/panda_nlp -> /home/roboarm/panda_ws/install/panda_nlp/share/ament_index/resource_index/packages
[1.247s] copying package.xml -> /home/roboarm/panda_ws/install/panda_nlp/share/panda_nlp
[1.247s] running install_egg_info
[1.248s] Copying ../../build/panda_nlp/panda_nlp.egg-info to /home/roboarm/panda_ws/install/panda_nlp/lib/python3.10/site-packages/panda_nlp-0.0.0-py3.10.egg-info
[1.250s] running install_scripts
[1.266s] Installing voice_command script to /home/roboarm/panda_ws/install/panda_nlp/lib/panda_nlp
[1.266s] writing list of installed files to '/home/roboarm/panda_ws/build/panda_nlp/install.log'
[1.325s] Invoked command in '/home/roboarm/panda_ws/src/panda_nlp' returned '0': PYTHONPATH=/home/roboarm/panda_ws/build/panda_nlp/prefix_override:/usr/lib/python3/dist-packages/colcon_core/task/python/colcon_distutils_commands:/home/roboarm/panda_ws/install/panda_nlp/lib/python3.10/site-packages:${PYTHONPATH} /usr/bin/python3 -W ignore:setup.py install is deprecated -W ignore:easy_install command is deprecated setup.py egg_info --egg-base ../../build/panda_nlp build --build-base /home/roboarm/panda_ws/build/panda_nlp/build install --record /home/roboarm/panda_ws/build/panda_nlp/install.log --single-version-externally-managed install_data
