[0.279s] Invoking command in '/home/roboarm/panda_ws/build/pymoveit2': CMAKE_PREFIX_PATH=${CMAKE_PREFIX_PATH}:/home/roboarm/panda_ws/install/panda_vision:/home/roboarm/panda_ws/install/panda_nlp:/opt/ros/humble /usr/bin/cmake /home/roboarm/panda_ws/src/pymoveit2 -DCMAKE_INSTALL_PREFIX=/home/roboarm/panda_ws/install/pymoveit2
[0.791s] -- The C compiler identification is GNU 11.4.0
[1.318s] -- The CXX compiler identification is GNU 11.4.0
[1.337s] -- Detecting C compiler ABI info
[1.547s] -- Detecting C compiler ABI info - done
[1.550s] -- Check for working C compiler: /usr/bin/cc - skipped
[1.552s] -- Detecting C compile features
[1.553s] -- Detecting C compile features - done
[1.558s] -- Detecting CXX compiler ABI info
[1.662s] -- Detecting CXX compiler ABI info - done
[1.666s] -- Check for working CXX compiler: /usr/bin/c++ - skipped
[1.666s] -- Detecting CXX compile features
[1.667s] -- Detecting CXX compile features - done
[1.693s] -- Found ament_cmake: 1.3.13 (/opt/ros/humble/share/ament_cmake/cmake)
[1.872s] -- Found Python3: /usr/bin/python3 (found version "3.10.12") found components: Interpreter 
[2.128s] -- Configuring done
[2.137s] -- Generating done
[2.142s] -- Build files have been written to: /home/roboarm/panda_ws/build/pymoveit2
[2.160s] Invoked command in '/home/roboarm/panda_ws/build/pymoveit2' returned '0': CMAKE_PREFIX_PATH=${CMAKE_PREFIX_PATH}:/home/roboarm/panda_ws/install/panda_vision:/home/roboarm/panda_ws/install/panda_nlp:/opt/ros/humble /usr/bin/cmake /home/roboarm/panda_ws/src/pymoveit2 -DCMAKE_INSTALL_PREFIX=/home/roboarm/panda_ws/install/pymoveit2
[2.163s] Invoking command in '/home/roboarm/panda_ws/build/pymoveit2': CMAKE_PREFIX_PATH=${CMAKE_PREFIX_PATH}:/home/roboarm/panda_ws/install/panda_vision:/home/roboarm/panda_ws/install/panda_nlp:/opt/ros/humble /usr/bin/cmake --build /home/roboarm/panda_ws/build/pymoveit2 -- -j6 -l6
[2.251s] Built target ament_cmake_python_copy_pymoveit2
[2.462s] running egg_info
[2.463s] creating pymoveit2.egg-info
[2.463s] writing pymoveit2.egg-info/PKG-INFO
[2.463s] writing dependency_links to pymoveit2.egg-info/dependency_links.txt
[2.464s] writing top-level names to pymoveit2.egg-info/top_level.txt
[2.465s] writing manifest file 'pymoveit2.egg-info/SOURCES.txt'
[2.470s] reading manifest file 'pymoveit2.egg-info/SOURCES.txt'
[2.470s] writing manifest file 'pymoveit2.egg-info/SOURCES.txt'
[2.500s] Built target ament_cmake_python_build_pymoveit2_egg
[2.516s] Invoked command in '/home/roboarm/panda_ws/build/pymoveit2' returned '0': CMAKE_PREFIX_PATH=${CMAKE_PREFIX_PATH}:/home/roboarm/panda_ws/install/panda_vision:/home/roboarm/panda_ws/install/panda_nlp:/opt/ros/humble /usr/bin/cmake --build /home/roboarm/panda_ws/build/pymoveit2 -- -j6 -l6
[2.516s] Invoking command in '/home/roboarm/panda_ws/build/pymoveit2': CMAKE_PREFIX_PATH=${CMAKE_PREFIX_PATH}:/home/roboarm/panda_ws/install/panda_vision:/home/roboarm/panda_ws/install/panda_nlp:/opt/ros/humble /usr/bin/cmake --install /home/roboarm/panda_ws/build/pymoveit2
[2.526s] -- Install configuration: ""
[2.526s] -- Installing: /home/roboarm/panda_ws/install/pymoveit2/share/pymoveit2/environment/pythonpath.sh
[2.527s] -- Installing: /home/roboarm/panda_ws/install/pymoveit2/share/pymoveit2/environment/pythonpath.dsv
[2.527s] -- Installing: /home/roboarm/panda_ws/install/pymoveit2/local/lib/python3.10/dist-packages/pymoveit2-4.0.0-py3.10.egg-info
[2.527s] -- Installing: /home/roboarm/panda_ws/install/pymoveit2/local/lib/python3.10/dist-packages/pymoveit2-4.0.0-py3.10.egg-info/SOURCES.txt
[2.527s] -- Installing: /home/roboarm/panda_ws/install/pymoveit2/local/lib/python3.10/dist-packages/pymoveit2-4.0.0-py3.10.egg-info/PKG-INFO
[2.527s] -- Installing: /home/roboarm/panda_ws/install/pymoveit2/local/lib/python3.10/dist-packages/pymoveit2-4.0.0-py3.10.egg-info/dependency_links.txt
[2.527s] -- Installing: /home/roboarm/panda_ws/install/pymoveit2/local/lib/python3.10/dist-packages/pymoveit2-4.0.0-py3.10.egg-info/top_level.txt
[2.527s] -- Installing: /home/roboarm/panda_ws/install/pymoveit2/local/lib/python3.10/dist-packages/pymoveit2
[2.528s] -- Installing: /home/roboarm/panda_ws/install/pymoveit2/local/lib/python3.10/dist-packages/pymoveit2/moveit2_gripper.py
[2.528s] -- Installing: /home/roboarm/panda_ws/install/pymoveit2/local/lib/python3.10/dist-packages/pymoveit2/utils.py
[2.528s] -- Installing: /home/roboarm/panda_ws/install/pymoveit2/local/lib/python3.10/dist-packages/pymoveit2/moveit2.py
[2.528s] -- Installing: /home/roboarm/panda_ws/install/pymoveit2/local/lib/python3.10/dist-packages/pymoveit2/gripper_command.py
[2.528s] -- Installing: /home/roboarm/panda_ws/install/pymoveit2/local/lib/python3.10/dist-packages/pymoveit2/__init__.py
[2.529s] -- Installing: /home/roboarm/panda_ws/install/pymoveit2/local/lib/python3.10/dist-packages/pymoveit2/gripper_interface.py
[2.529s] -- Installing: /home/roboarm/panda_ws/install/pymoveit2/local/lib/python3.10/dist-packages/pymoveit2/moveit2_servo.py
[2.529s] -- Installing: /home/roboarm/panda_ws/install/pymoveit2/local/lib/python3.10/dist-packages/pymoveit2/robots
[2.529s] -- Installing: /home/roboarm/panda_ws/install/pymoveit2/local/lib/python3.10/dist-packages/pymoveit2/robots/phantomx_pincher.py
[2.529s] -- Installing: /home/roboarm/panda_ws/install/pymoveit2/local/lib/python3.10/dist-packages/pymoveit2/robots/lbr.py
[2.530s] -- Installing: /home/roboarm/panda_ws/install/pymoveit2/local/lib/python3.10/dist-packages/pymoveit2/robots/kinova.py
[2.530s] -- Installing: /home/roboarm/panda_ws/install/pymoveit2/local/lib/python3.10/dist-packages/pymoveit2/robots/crane_x7.py
[2.530s] -- Installing: /home/roboarm/panda_ws/install/pymoveit2/local/lib/python3.10/dist-packages/pymoveit2/robots/__init__.py
[2.530s] -- Installing: /home/roboarm/panda_ws/install/pymoveit2/local/lib/python3.10/dist-packages/pymoveit2/robots/ur.py
[2.531s] -- Installing: /home/roboarm/panda_ws/install/pymoveit2/local/lib/python3.10/dist-packages/pymoveit2/robots/panda.py
[2.587s] Listing '/home/roboarm/panda_ws/install/pymoveit2/local/lib/python3.10/dist-packages/pymoveit2'...
[2.587s] Compiling '/home/roboarm/panda_ws/install/pymoveit2/local/lib/python3.10/dist-packages/pymoveit2/__init__.py'...
[2.587s] Compiling '/home/roboarm/panda_ws/install/pymoveit2/local/lib/python3.10/dist-packages/pymoveit2/gripper_command.py'...
[2.587s] Compiling '/home/roboarm/panda_ws/install/pymoveit2/local/lib/python3.10/dist-packages/pymoveit2/gripper_interface.py'...
[2.587s] Compiling '/home/roboarm/panda_ws/install/pymoveit2/local/lib/python3.10/dist-packages/pymoveit2/moveit2.py'...
[2.587s] Compiling '/home/roboarm/panda_ws/install/pymoveit2/local/lib/python3.10/dist-packages/pymoveit2/moveit2_gripper.py'...
[2.587s] Compiling '/home/roboarm/panda_ws/install/pymoveit2/local/lib/python3.10/dist-packages/pymoveit2/moveit2_servo.py'...
[2.587s] Listing '/home/roboarm/panda_ws/install/pymoveit2/local/lib/python3.10/dist-packages/pymoveit2/robots'...
[2.587s] Compiling '/home/roboarm/panda_ws/install/pymoveit2/local/lib/python3.10/dist-packages/pymoveit2/robots/__init__.py'...
[2.587s] Compiling '/home/roboarm/panda_ws/install/pymoveit2/local/lib/python3.10/dist-packages/pymoveit2/robots/crane_x7.py'...
[2.587s] Compiling '/home/roboarm/panda_ws/install/pymoveit2/local/lib/python3.10/dist-packages/pymoveit2/robots/kinova.py'...
[2.587s] Compiling '/home/roboarm/panda_ws/install/pymoveit2/local/lib/python3.10/dist-packages/pymoveit2/robots/lbr.py'...
[2.587s] Compiling '/home/roboarm/panda_ws/install/pymoveit2/local/lib/python3.10/dist-packages/pymoveit2/robots/panda.py'...
[2.587s] Compiling '/home/roboarm/panda_ws/install/pymoveit2/local/lib/python3.10/dist-packages/pymoveit2/robots/phantomx_pincher.py'...
[2.587s] Compiling '/home/roboarm/panda_ws/install/pymoveit2/local/lib/python3.10/dist-packages/pymoveit2/robots/ur.py'...
[2.587s] Compiling '/home/roboarm/panda_ws/install/pymoveit2/local/lib/python3.10/dist-packages/pymoveit2/utils.py'...
[2.589s] -- Installing: /home/roboarm/panda_ws/install/pymoveit2/lib/pymoveit2/ex_allow_collisions.py
[2.590s] -- Installing: /home/roboarm/panda_ws/install/pymoveit2/lib/pymoveit2/ex_clear_planning_scene.py
[2.591s] -- Installing: /home/roboarm/panda_ws/install/pymoveit2/lib/pymoveit2/ex_collision_mesh.py
[2.591s] -- Installing: /home/roboarm/panda_ws/install/pymoveit2/lib/pymoveit2/ex_collision_primitive.py
[2.592s] -- Installing: /home/roboarm/panda_ws/install/pymoveit2/lib/pymoveit2/ex_fk.py
[2.593s] -- Installing: /home/roboarm/panda_ws/install/pymoveit2/lib/pymoveit2/ex_gripper.py
[2.593s] -- Installing: /home/roboarm/panda_ws/install/pymoveit2/lib/pymoveit2/ex_ik.py
[2.593s] -- Installing: /home/roboarm/panda_ws/install/pymoveit2/lib/pymoveit2/ex_joint_goal.py
[2.596s] -- Installing: /home/roboarm/panda_ws/install/pymoveit2/lib/pymoveit2/ex_orientation_path_constraint.py
[2.596s] -- Installing: /home/roboarm/panda_ws/install/pymoveit2/lib/pymoveit2/ex_pose_goal.py
[2.596s] -- Installing: /home/roboarm/panda_ws/install/pymoveit2/lib/pymoveit2/ex_servo.py
[2.596s] -- Installing: /home/roboarm/panda_ws/install/pymoveit2/lib/pymoveit2/pick_and_place.py
[2.597s] -- Installing: /home/roboarm/panda_ws/install/pymoveit2/share/ament_index/resource_index/package_run_dependencies/pymoveit2
[2.597s] -- Installing: /home/roboarm/panda_ws/install/pymoveit2/share/ament_index/resource_index/parent_prefix_path/pymoveit2
[2.598s] -- Installing: /home/roboarm/panda_ws/install/pymoveit2/share/pymoveit2/environment/ament_prefix_path.sh
[2.598s] -- Installing: /home/roboarm/panda_ws/install/pymoveit2/share/pymoveit2/environment/ament_prefix_path.dsv
[2.598s] -- Installing: /home/roboarm/panda_ws/install/pymoveit2/share/pymoveit2/environment/path.sh
[2.599s] -- Installing: /home/roboarm/panda_ws/install/pymoveit2/share/pymoveit2/environment/path.dsv
[2.599s] -- Installing: /home/roboarm/panda_ws/install/pymoveit2/share/pymoveit2/local_setup.bash
[2.599s] -- Installing: /home/roboarm/panda_ws/install/pymoveit2/share/pymoveit2/local_setup.sh
[2.600s] -- Installing: /home/roboarm/panda_ws/install/pymoveit2/share/pymoveit2/local_setup.zsh
[2.600s] -- Installing: /home/roboarm/panda_ws/install/pymoveit2/share/pymoveit2/local_setup.dsv
[2.600s] -- Installing: /home/roboarm/panda_ws/install/pymoveit2/share/pymoveit2/package.dsv
[2.601s] -- Installing: /home/roboarm/panda_ws/install/pymoveit2/share/ament_index/resource_index/packages/pymoveit2
[2.601s] -- Installing: /home/roboarm/panda_ws/install/pymoveit2/share/pymoveit2/cmake/pymoveit2Config.cmake
[2.601s] -- Installing: /home/roboarm/panda_ws/install/pymoveit2/share/pymoveit2/cmake/pymoveit2Config-version.cmake
[2.602s] -- Installing: /home/roboarm/panda_ws/install/pymoveit2/share/pymoveit2/package.xml
[2.606s] Invoked command in '/home/roboarm/panda_ws/build/pymoveit2' returned '0': CMAKE_PREFIX_PATH=${CMAKE_PREFIX_PATH}:/home/roboarm/panda_ws/install/panda_vision:/home/roboarm/panda_ws/install/panda_nlp:/opt/ros/humble /usr/bin/cmake --install /home/roboarm/panda_ws/build/pymoveit2
