[0.017s] Invoking command in '/home/roboarm/panda_ws/build/panda_moveit': CMAKE_PREFIX_PATH=/home/roboarm/panda_ws/install/panda_description:/home/roboarm/panda_ws/install/panda_bringup:/home/roboarm/panda_ws/install/pymoveit2:/home/roboarm/panda_ws/install/panda_moveit:/home/roboarm/panda_ws/install/panda_controller:/home/roboarm/panda_ws/install/panda_vision:/home/roboarm/panda_ws/install/panda_nlp:/opt/ros/humble /usr/bin/cmake /home/roboarm/panda_ws/src/panda_moveit -DCMAKE_INSTALL_PREFIX=/home/roboarm/panda_ws/install/panda_moveit
[0.084s] -- The C compiler identification is GNU 11.4.0
[0.142s] -- The CXX compiler identification is GNU 11.4.0
[0.149s] -- Detecting C compiler ABI info
[0.236s] -- Detecting C compiler ABI info - done
[0.240s] -- Check for working C compiler: /usr/bin/cc - skipped
[0.240s] -- Detecting C compile features
[0.240s] -- Detecting C compile features - done
[0.245s] -- Detecting CXX compiler ABI info
[0.341s] -- Detecting CXX compiler ABI info - done
[0.346s] -- Check for working CXX compiler: /usr/bin/c++ - skipped
[0.347s] -- Detecting CXX compile features
[0.347s] -- Detecting CXX compile features - done
[0.350s] -- Found ament_cmake: 1.3.13 (/opt/ros/humble/share/ament_cmake/cmake)
[0.499s] -- Found Python3: /usr/bin/python3 (found version "3.10.12") found components: Interpreter 
[0.591s] -- Found ament_lint_auto: 0.12.15 (/opt/ros/humble/share/ament_lint_auto/cmake)
[0.668s] -- Added test 'flake8' to check Python code syntax and style conventions
[0.668s] -- Added test 'lint_cmake' to check CMake code style
[0.668s] -- Added test 'pep257' to check Python code against some of the docstring style conventions in PEP 257
[0.670s] -- Added test 'xmllint' to check XML markup files
[0.672s] -- Configuring done
[0.677s] -- Generating done
[0.679s] -- Build files have been written to: /home/roboarm/panda_ws/build/panda_moveit
[0.686s] Invoked command in '/home/roboarm/panda_ws/build/panda_moveit' returned '0': CMAKE_PREFIX_PATH=/home/roboarm/panda_ws/install/panda_description:/home/roboarm/panda_ws/install/panda_bringup:/home/roboarm/panda_ws/install/pymoveit2:/home/roboarm/panda_ws/install/panda_moveit:/home/roboarm/panda_ws/install/panda_controller:/home/roboarm/panda_ws/install/panda_vision:/home/roboarm/panda_ws/install/panda_nlp:/opt/ros/humble /usr/bin/cmake /home/roboarm/panda_ws/src/panda_moveit -DCMAKE_INSTALL_PREFIX=/home/roboarm/panda_ws/install/panda_moveit
[0.687s] Invoking command in '/home/roboarm/panda_ws/build/panda_moveit': CMAKE_PREFIX_PATH=/home/roboarm/panda_ws/install/panda_description:/home/roboarm/panda_ws/install/panda_bringup:/home/roboarm/panda_ws/install/pymoveit2:/home/roboarm/panda_ws/install/panda_moveit:/home/roboarm/panda_ws/install/panda_controller:/home/roboarm/panda_ws/install/panda_vision:/home/roboarm/panda_ws/install/panda_nlp:/opt/ros/humble /usr/bin/cmake --build /home/roboarm/panda_ws/build/panda_moveit -- -j6 -l6
[0.736s] Invoked command in '/home/roboarm/panda_ws/build/panda_moveit' returned '0': CMAKE_PREFIX_PATH=/home/roboarm/panda_ws/install/panda_description:/home/roboarm/panda_ws/install/panda_bringup:/home/roboarm/panda_ws/install/pymoveit2:/home/roboarm/panda_ws/install/panda_moveit:/home/roboarm/panda_ws/install/panda_controller:/home/roboarm/panda_ws/install/panda_vision:/home/roboarm/panda_ws/install/panda_nlp:/opt/ros/humble /usr/bin/cmake --build /home/roboarm/panda_ws/build/panda_moveit -- -j6 -l6
[0.740s] Invoking command in '/home/roboarm/panda_ws/build/panda_moveit': CMAKE_PREFIX_PATH=/home/roboarm/panda_ws/install/panda_description:/home/roboarm/panda_ws/install/panda_bringup:/home/roboarm/panda_ws/install/pymoveit2:/home/roboarm/panda_ws/install/panda_moveit:/home/roboarm/panda_ws/install/panda_controller:/home/roboarm/panda_ws/install/panda_vision:/home/roboarm/panda_ws/install/panda_nlp:/opt/ros/humble /usr/bin/cmake --install /home/roboarm/panda_ws/build/panda_moveit
[0.749s] -- Install configuration: ""
[0.750s] -- Installing: /home/roboarm/panda_ws/install/panda_moveit/share/panda_moveit/launch
[0.751s] -- Installing: /home/roboarm/panda_ws/install/panda_moveit/share/panda_moveit/launch/static_virtual_joint_tfs.launch.py
[0.751s] -- Installing: /home/roboarm/panda_ws/install/panda_moveit/share/panda_moveit/launch/warehouse_db.launch.py
[0.751s] -- Installing: /home/roboarm/panda_ws/install/panda_moveit/share/panda_moveit/launch/moveit.launch.py
[0.751s] -- Installing: /home/roboarm/panda_ws/install/panda_moveit/share/panda_moveit/launch/setup_assistant.launch.py
[0.752s] -- Installing: /home/roboarm/panda_ws/install/panda_moveit/share/panda_moveit/launch/demo.launch.py
[0.752s] -- Installing: /home/roboarm/panda_ws/install/panda_moveit/share/panda_moveit/launch/spawn_controllers.launch.py
[0.752s] -- Installing: /home/roboarm/panda_ws/install/panda_moveit/share/panda_moveit/launch/rsp.launch.py
[0.752s] -- Installing: /home/roboarm/panda_ws/install/panda_moveit/share/panda_moveit/launch/move_group.launch.py
[0.753s] -- Installing: /home/roboarm/panda_ws/install/panda_moveit/share/panda_moveit/launch/moveit_rviz.launch.py
[0.753s] -- Installing: /home/roboarm/panda_ws/install/panda_moveit/share/panda_moveit/config
[0.753s] -- Installing: /home/roboarm/panda_ws/install/panda_moveit/share/panda_moveit/config/kinematics.yaml
[0.753s] -- Installing: /home/roboarm/panda_ws/install/panda_moveit/share/panda_moveit/config/joint_limits.yaml
[0.754s] -- Installing: /home/roboarm/panda_ws/install/panda_moveit/share/panda_moveit/config/ros2_controllers.yaml
[0.754s] -- Installing: /home/roboarm/panda_ws/install/panda_moveit/share/panda_moveit/config/panda.ros2_control.xacro
[0.755s] -- Installing: /home/roboarm/panda_ws/install/panda_moveit/share/panda_moveit/config/moveit_controllers.yaml
[0.755s] -- Installing: /home/roboarm/panda_ws/install/panda_moveit/share/panda_moveit/config/.setup_assistant
[0.756s] -- Installing: /home/roboarm/panda_ws/install/panda_moveit/share/panda_moveit/config/moveit.rviz
[0.756s] -- Installing: /home/roboarm/panda_ws/install/panda_moveit/share/panda_moveit/config/initial_positions.yaml
[0.756s] -- Installing: /home/roboarm/panda_ws/install/panda_moveit/share/panda_moveit/config/panda.srdf
[0.757s] -- Installing: /home/roboarm/panda_ws/install/panda_moveit/share/panda_moveit/config/panda.urdf.xacro
[0.757s] -- Installing: /home/roboarm/panda_ws/install/panda_moveit/share/panda_moveit/config/pilz_cartesian_limits.yaml
[0.757s] -- Installing: /home/roboarm/panda_ws/install/panda_moveit/share/panda_moveit/rviz
[0.757s] -- Installing: /home/roboarm/panda_ws/install/panda_moveit/share/panda_moveit/rviz/moveit.rviz
[0.758s] -- Installing: /home/roboarm/panda_ws/install/panda_moveit/share/ament_index/resource_index/package_run_dependencies/panda_moveit
[0.758s] -- Installing: /home/roboarm/panda_ws/install/panda_moveit/share/ament_index/resource_index/parent_prefix_path/panda_moveit
[0.759s] -- Installing: /home/roboarm/panda_ws/install/panda_moveit/share/panda_moveit/environment/ament_prefix_path.sh
[0.759s] -- Installing: /home/roboarm/panda_ws/install/panda_moveit/share/panda_moveit/environment/ament_prefix_path.dsv
[0.759s] -- Installing: /home/roboarm/panda_ws/install/panda_moveit/share/panda_moveit/environment/path.sh
[0.759s] -- Installing: /home/roboarm/panda_ws/install/panda_moveit/share/panda_moveit/environment/path.dsv
[0.759s] -- Installing: /home/roboarm/panda_ws/install/panda_moveit/share/panda_moveit/local_setup.bash
[0.759s] -- Installing: /home/roboarm/panda_ws/install/panda_moveit/share/panda_moveit/local_setup.sh
[0.760s] -- Installing: /home/roboarm/panda_ws/install/panda_moveit/share/panda_moveit/local_setup.zsh
[0.760s] -- Installing: /home/roboarm/panda_ws/install/panda_moveit/share/panda_moveit/local_setup.dsv
[0.760s] -- Installing: /home/roboarm/panda_ws/install/panda_moveit/share/panda_moveit/package.dsv
[0.760s] -- Installing: /home/roboarm/panda_ws/install/panda_moveit/share/ament_index/resource_index/packages/panda_moveit
[0.761s] -- Installing: /home/roboarm/panda_ws/install/panda_moveit/share/panda_moveit/cmake/panda_moveitConfig.cmake
[0.761s] -- Installing: /home/roboarm/panda_ws/install/panda_moveit/share/panda_moveit/cmake/panda_moveitConfig-version.cmake
[0.761s] -- Installing: /home/roboarm/panda_ws/install/panda_moveit/share/panda_moveit/package.xml
[0.765s] Invoked command in '/home/roboarm/panda_ws/build/panda_moveit' returned '0': CMAKE_PREFIX_PATH=/home/roboarm/panda_ws/install/panda_description:/home/roboarm/panda_ws/install/panda_bringup:/home/roboarm/panda_ws/install/pymoveit2:/home/roboarm/panda_ws/install/panda_moveit:/home/roboarm/panda_ws/install/panda_controller:/home/roboarm/panda_ws/install/panda_vision:/home/roboarm/panda_ws/install/panda_nlp:/opt/ros/humble /usr/bin/cmake --install /home/roboarm/panda_ws/build/panda_moveit
