[0.017s] Invoking command in '/home/roboarm/panda_ws/build/panda_controller': CMAKE_PREFIX_PATH=/home/roboarm/panda_ws/install/panda_description:/home/roboarm/panda_ws/install/panda_bringup:/home/roboarm/panda_ws/install/pymoveit2:/home/roboarm/panda_ws/install/panda_moveit:/home/roboarm/panda_ws/install/panda_controller:/home/roboarm/panda_ws/install/panda_vision:/home/roboarm/panda_ws/install/panda_nlp:/opt/ros/humble /usr/bin/cmake /home/roboarm/panda_ws/src/panda_controller -DCMAKE_INSTALL_PREFIX=/home/roboarm/panda_ws/install/panda_controller
[0.082s] -- The C compiler identification is GNU 11.4.0
[0.144s] -- The CXX compiler identification is GNU 11.4.0
[0.151s] -- Detecting C compiler ABI info
[0.243s] -- Detecting C compiler ABI info - done
[0.252s] -- Check for working C compiler: /usr/bin/cc - skipped
[0.252s] -- Detecting C compile features
[0.252s] -- Detecting C compile features - done
[0.255s] -- Detecting CXX compiler ABI info
[0.343s] -- Detecting CXX compiler ABI info - done
[0.347s] -- Check for working CXX compiler: /usr/bin/c++ - skipped
[0.347s] -- Detecting CXX compile features
[0.347s] -- Detecting CXX compile features - done
[0.351s] -- Found ament_cmake: 1.3.13 (/opt/ros/humble/share/ament_cmake/cmake)
[0.504s] -- Found Python3: /usr/bin/python3 (found version "3.10.12") found components: Interpreter 
[0.611s] -- Found rclpy: 3.3.20 (/opt/ros/humble/share/rclpy/cmake)
[0.618s] -- Found sensor_msgs: 4.9.1 (/opt/ros/humble/share/sensor_msgs/cmake)
[0.738s] -- Found rosidl_generator_c: 3.1.8 (/opt/ros/humble/share/rosidl_generator_c/cmake)
[0.750s] -- Found rosidl_adapter: 3.1.8 (/opt/ros/humble/share/rosidl_adapter/cmake)
[0.773s] -- Found rosidl_generator_cpp: 3.1.8 (/opt/ros/humble/share/rosidl_generator_cpp/cmake)
[0.807s] -- Using all available rosidl_typesupport_c: rosidl_typesupport_fastrtps_c;rosidl_typesupport_introspection_c
[0.846s] -- Using all available rosidl_typesupport_cpp: rosidl_typesupport_fastrtps_cpp;rosidl_typesupport_introspection_cpp
[0.961s] -- Found trajectory_msgs: 4.9.1 (/opt/ros/humble/share/trajectory_msgs/cmake)
[0.992s] -- Found control_msgs: 4.8.0 (/opt/ros/humble/share/control_msgs/cmake)
[1.081s] -- Found controller_manager: 2.53.1 (/opt/ros/humble/share/controller_manager/cmake)
[1.275s] -- Found rmw_implementation_cmake: 6.1.2 (/opt/ros/humble/share/rmw_implementation_cmake/cmake)
[1.279s] -- Found rmw_fastrtps_cpp: 6.2.10 (/opt/ros/humble/share/rmw_fastrtps_cpp/cmake)
[1.325s] -- Found TinyXML2 via Config file: TinyXML2_DIR-NOTFOUND
[1.419s] -- Found OpenSSL: /usr/lib/x86_64-linux-gnu/libcrypto.so (found version "3.0.2")  
[1.423s] -- Found TinyXML2 via Config file: TinyXML2_DIR-NOTFOUND
[1.439s] -- Found FastRTPS: /opt/ros/humble/include  
[1.441s] -- Found TinyXML2 via Config file: TinyXML2_DIR-NOTFOUND
[1.448s] -- Found TinyXML2 via Config file: TinyXML2_DIR-NOTFOUND
[1.460s] -- Using RMW implementation 'rmw_fastrtps_cpp' as default
[1.480s] -- Looking for pthread.h
[1.617s] -- Looking for pthread.h - found
[1.619s] -- Performing Test CMAKE_HAVE_LIBC_PTHREAD
[1.735s] -- Performing Test CMAKE_HAVE_LIBC_PTHREAD - Success
[1.737s] -- Found Threads: TRUE  
[1.865s] -- Found joint_trajectory_controller: 2.52.0 (/opt/ros/humble/share/joint_trajectory_controller/cmake)
[1.981s] -- Found joint_state_broadcaster: 2.52.0 (/opt/ros/humble/share/joint_state_broadcaster/cmake)
[2.086s] -- Found ament_lint_auto: 0.12.15 (/opt/ros/humble/share/ament_lint_auto/cmake)
[2.166s] -- Added test 'flake8' to check Python code syntax and style conventions
[2.167s] -- Added test 'lint_cmake' to check CMake code style
[2.167s] -- Added test 'pep257' to check Python code against some of the docstring style conventions in PEP 257
[2.171s] -- Added test 'xmllint' to check XML markup files
[2.172s] -- Configuring done
[2.186s] -- Generating done
[2.188s] -- Build files have been written to: /home/roboarm/panda_ws/build/panda_controller
[2.201s] Invoked command in '/home/roboarm/panda_ws/build/panda_controller' returned '0': CMAKE_PREFIX_PATH=/home/roboarm/panda_ws/install/panda_description:/home/roboarm/panda_ws/install/panda_bringup:/home/roboarm/panda_ws/install/pymoveit2:/home/roboarm/panda_ws/install/panda_moveit:/home/roboarm/panda_ws/install/panda_controller:/home/roboarm/panda_ws/install/panda_vision:/home/roboarm/panda_ws/install/panda_nlp:/opt/ros/humble /usr/bin/cmake /home/roboarm/panda_ws/src/panda_controller -DCMAKE_INSTALL_PREFIX=/home/roboarm/panda_ws/install/panda_controller
[2.204s] Invoking command in '/home/roboarm/panda_ws/build/panda_controller': CMAKE_PREFIX_PATH=/home/roboarm/panda_ws/install/panda_description:/home/roboarm/panda_ws/install/panda_bringup:/home/roboarm/panda_ws/install/pymoveit2:/home/roboarm/panda_ws/install/panda_moveit:/home/roboarm/panda_ws/install/panda_controller:/home/roboarm/panda_ws/install/panda_vision:/home/roboarm/panda_ws/install/panda_nlp:/opt/ros/humble /usr/bin/cmake --build /home/roboarm/panda_ws/build/panda_controller -- -j6 -l6
[2.291s] Built target ament_cmake_python_copy_panda_controller
[2.531s] running egg_info
[2.531s] creating panda_controller.egg-info
[2.531s] writing panda_controller.egg-info/PKG-INFO
[2.531s] writing dependency_links to panda_controller.egg-info/dependency_links.txt
[2.531s] writing top-level names to panda_controller.egg-info/top_level.txt
[2.531s] writing manifest file 'panda_controller.egg-info/SOURCES.txt'
[2.533s] reading manifest file 'panda_controller.egg-info/SOURCES.txt'
[2.533s] writing manifest file 'panda_controller.egg-info/SOURCES.txt'
[2.560s] Built target ament_cmake_python_build_panda_controller_egg
[2.577s] Invoked command in '/home/roboarm/panda_ws/build/panda_controller' returned '0': CMAKE_PREFIX_PATH=/home/roboarm/panda_ws/install/panda_description:/home/roboarm/panda_ws/install/panda_bringup:/home/roboarm/panda_ws/install/pymoveit2:/home/roboarm/panda_ws/install/panda_moveit:/home/roboarm/panda_ws/install/panda_controller:/home/roboarm/panda_ws/install/panda_vision:/home/roboarm/panda_ws/install/panda_nlp:/opt/ros/humble /usr/bin/cmake --build /home/roboarm/panda_ws/build/panda_controller -- -j6 -l6
[2.580s] Invoking command in '/home/roboarm/panda_ws/build/panda_controller': CMAKE_PREFIX_PATH=/home/roboarm/panda_ws/install/panda_description:/home/roboarm/panda_ws/install/panda_bringup:/home/roboarm/panda_ws/install/pymoveit2:/home/roboarm/panda_ws/install/panda_moveit:/home/roboarm/panda_ws/install/panda_controller:/home/roboarm/panda_ws/install/panda_vision:/home/roboarm/panda_ws/install/panda_nlp:/opt/ros/humble /usr/bin/cmake --install /home/roboarm/panda_ws/build/panda_controller
[2.593s] -- Install configuration: ""
[2.593s] -- Installing: /home/roboarm/panda_ws/install/panda_controller/share/panda_controller//launch
[2.593s] -- Installing: /home/roboarm/panda_ws/install/panda_controller/share/panda_controller//launch/controller.launch.py
[2.593s] -- Installing: /home/roboarm/panda_ws/install/panda_controller/share/panda_controller//launch/slider_controller.launch.py
[2.596s] -- Installing: /home/roboarm/panda_ws/install/panda_controller/share/panda_controller//config
[2.596s] -- Installing: /home/roboarm/panda_ws/install/panda_controller/share/panda_controller//config/panda_controllers.yaml
[2.596s] -- Installing: /home/roboarm/panda_ws/install/panda_controller/share/panda_controller/environment/pythonpath.sh
[2.596s] -- Installing: /home/roboarm/panda_ws/install/panda_controller/share/panda_controller/environment/pythonpath.dsv
[2.596s] -- Installing: /home/roboarm/panda_ws/install/panda_controller/local/lib/python3.10/dist-packages/panda_controller-0.0.0-py3.10.egg-info
[2.596s] -- Installing: /home/roboarm/panda_ws/install/panda_controller/local/lib/python3.10/dist-packages/panda_controller-0.0.0-py3.10.egg-info/SOURCES.txt
[2.596s] -- Installing: /home/roboarm/panda_ws/install/panda_controller/local/lib/python3.10/dist-packages/panda_controller-0.0.0-py3.10.egg-info/PKG-INFO
[2.597s] -- Installing: /home/roboarm/panda_ws/install/panda_controller/local/lib/python3.10/dist-packages/panda_controller-0.0.0-py3.10.egg-info/dependency_links.txt
[2.597s] -- Installing: /home/roboarm/panda_ws/install/panda_controller/local/lib/python3.10/dist-packages/panda_controller-0.0.0-py3.10.egg-info/top_level.txt
[2.597s] -- Installing: /home/roboarm/panda_ws/install/panda_controller/local/lib/python3.10/dist-packages/panda_controller
[2.597s] -- Installing: /home/roboarm/panda_ws/install/panda_controller/local/lib/python3.10/dist-packages/panda_controller/slider_controller.py
[2.597s] -- Installing: /home/roboarm/panda_ws/install/panda_controller/local/lib/python3.10/dist-packages/panda_controller/__init__.py
[2.624s] Listing '/home/roboarm/panda_ws/install/panda_controller/local/lib/python3.10/dist-packages/panda_controller'...
[2.625s] Compiling '/home/roboarm/panda_ws/install/panda_controller/local/lib/python3.10/dist-packages/panda_controller/__init__.py'...
[2.625s] Compiling '/home/roboarm/panda_ws/install/panda_controller/local/lib/python3.10/dist-packages/panda_controller/slider_controller.py'...
[2.628s] -- Installing: /home/roboarm/panda_ws/install/panda_controller/lib/panda_controller/slider_controller.py
[2.629s] -- Installing: /home/roboarm/panda_ws/install/panda_controller/share/ament_index/resource_index/package_run_dependencies/panda_controller
[2.629s] -- Installing: /home/roboarm/panda_ws/install/panda_controller/share/ament_index/resource_index/parent_prefix_path/panda_controller
[2.629s] -- Installing: /home/roboarm/panda_ws/install/panda_controller/share/panda_controller/environment/ament_prefix_path.sh
[2.629s] -- Installing: /home/roboarm/panda_ws/install/panda_controller/share/panda_controller/environment/ament_prefix_path.dsv
[2.630s] -- Installing: /home/roboarm/panda_ws/install/panda_controller/share/panda_controller/environment/path.sh
[2.630s] -- Installing: /home/roboarm/panda_ws/install/panda_controller/share/panda_controller/environment/path.dsv
[2.630s] -- Installing: /home/roboarm/panda_ws/install/panda_controller/share/panda_controller/local_setup.bash
[2.630s] -- Installing: /home/roboarm/panda_ws/install/panda_controller/share/panda_controller/local_setup.sh
[2.631s] -- Installing: /home/roboarm/panda_ws/install/panda_controller/share/panda_controller/local_setup.zsh
[2.631s] -- Installing: /home/roboarm/panda_ws/install/panda_controller/share/panda_controller/local_setup.dsv
[2.631s] -- Installing: /home/roboarm/panda_ws/install/panda_controller/share/panda_controller/package.dsv
[2.631s] -- Installing: /home/roboarm/panda_ws/install/panda_controller/share/ament_index/resource_index/packages/panda_controller
[2.631s] -- Installing: /home/roboarm/panda_ws/install/panda_controller/share/panda_controller/cmake/panda_controllerConfig.cmake
[2.632s] -- Installing: /home/roboarm/panda_ws/install/panda_controller/share/panda_controller/cmake/panda_controllerConfig-version.cmake
[2.632s] -- Installing: /home/roboarm/panda_ws/install/panda_controller/share/panda_controller/package.xml
[2.635s] Invoked command in '/home/roboarm/panda_ws/build/panda_controller' returned '0': CMAKE_PREFIX_PATH=/home/roboarm/panda_ws/install/panda_description:/home/roboarm/panda_ws/install/panda_bringup:/home/roboarm/panda_ws/install/pymoveit2:/home/roboarm/panda_ws/install/panda_moveit:/home/roboarm/panda_ws/install/panda_controller:/home/roboarm/panda_ws/install/panda_vision:/home/roboarm/panda_ws/install/panda_nlp:/opt/ros/humble /usr/bin/cmake --install /home/roboarm/panda_ws/build/panda_controller
