[0.355s] DEBUG:colcon:Command line arguments: ['/usr/bin/colcon', 'build']
[0.355s] DEBUG:colcon:Parsed command line arguments: Namespace(log_base=None, log_level=None, verb_name='build', build_base='build', install_base='install', merge_install=False, symlink_install=False, test_result_base=None, continue_on_error=False, executor='parallel', parallel_workers=6, event_handlers=None, ignore_user_meta=False, metas=['./colcon.meta'], base_paths=['.'], packages_ignore=None, packages_ignore_regex=None, paths=None, packages_up_to=None, packages_up_to_regex=None, packages_above=None, packages_above_and_dependencies=None, packages_above_depth=None, packages_select_by_dep=None, packages_skip_by_dep=None, packages_skip_up_to=None, packages_select_build_failed=False, packages_skip_build_finished=False, packages_select_test_failures=False, packages_skip_test_passed=False, packages_select=None, packages_skip=None, packages_select_regex=None, packages_skip_regex=None, packages_start=None, packages_end=None, allow_overriding=[], cmake_args=None, cmake_target=None, cmake_target_skip_unavailable=False, cmake_clean_cache=False, cmake_clean_first=False, cmake_force_configure=False, ament_cmake_args=None, catkin_cmake_args=None, catkin_skip_building_tests=False, verb_parser=<colcon_defaults.argument_parser.defaults.DefaultArgumentsDecorator object at 0x7672a5bcb5b0>, verb_extension=<colcon_core.verb.build.BuildVerb object at 0x7672a5d91060>, main=<bound method BuildVerb.main of <colcon_core.verb.build.BuildVerb object at 0x7672a5d91060>>)
[0.940s] Level 1:colcon.colcon_core.package_discovery:discover_packages(colcon_meta) check parameters
[0.940s] Level 1:colcon.colcon_core.package_discovery:discover_packages(recursive) check parameters
[0.940s] Level 1:colcon.colcon_core.package_discovery:discover_packages(ignore) check parameters
[0.940s] Level 1:colcon.colcon_core.package_discovery:discover_packages(path) check parameters
[0.940s] Level 1:colcon.colcon_core.package_discovery:discover_packages(colcon_meta) discover
[0.941s] Level 1:colcon.colcon_core.package_discovery:discover_packages(recursive) discover
[0.941s] INFO:colcon.colcon_core.package_discovery:Crawling recursively for packages in '/home/roboarm/panda_ws'
[0.941s] Level 1:colcon.colcon_core.package_identification:_identify(.) by extensions ['ignore', 'ignore_ament_install']
[0.941s] Level 1:colcon.colcon_core.package_identification:_identify(.) by extension 'ignore'
[0.941s] Level 1:colcon.colcon_core.package_identification:_identify(.) by extension 'ignore_ament_install'
[0.941s] Level 1:colcon.colcon_core.package_identification:_identify(.) by extensions ['colcon_pkg']
[0.941s] Level 1:colcon.colcon_core.package_identification:_identify(.) by extension 'colcon_pkg'
[0.941s] Level 1:colcon.colcon_core.package_identification:_identify(.) by extensions ['colcon_meta']
[0.941s] Level 1:colcon.colcon_core.package_identification:_identify(.) by extension 'colcon_meta'
[0.941s] Level 1:colcon.colcon_core.package_identification:_identify(.) by extensions ['ros']
[0.941s] Level 1:colcon.colcon_core.package_identification:_identify(.) by extension 'ros'
[0.948s] Level 1:colcon.colcon_core.package_identification:_identify(.) by extensions ['cmake', 'python']
[0.948s] Level 1:colcon.colcon_core.package_identification:_identify(.) by extension 'cmake'
[0.948s] Level 1:colcon.colcon_core.package_identification:_identify(.) by extension 'python'
[0.948s] Level 1:colcon.colcon_core.package_identification:_identify(.) by extensions ['python_setup_py']
[0.948s] Level 1:colcon.colcon_core.package_identification:_identify(.) by extension 'python_setup_py'
[0.949s] Level 1:colcon.colcon_core.package_identification:_identify(build) by extensions ['ignore', 'ignore_ament_install']
[0.949s] Level 1:colcon.colcon_core.package_identification:_identify(build) by extension 'ignore'
[0.949s] Level 1:colcon.colcon_core.package_identification:_identify(build) ignored
[0.949s] Level 1:colcon.colcon_core.package_identification:_identify(install) by extensions ['ignore', 'ignore_ament_install']
[0.949s] Level 1:colcon.colcon_core.package_identification:_identify(install) by extension 'ignore'
[0.949s] Level 1:colcon.colcon_core.package_identification:_identify(install) ignored
[0.949s] Level 1:colcon.colcon_core.package_identification:_identify(log) by extensions ['ignore', 'ignore_ament_install']
[0.949s] Level 1:colcon.colcon_core.package_identification:_identify(log) by extension 'ignore'
[0.949s] Level 1:colcon.colcon_core.package_identification:_identify(log) ignored
[0.949s] Level 1:colcon.colcon_core.package_identification:_identify(src) by extensions ['ignore', 'ignore_ament_install']
[0.949s] Level 1:colcon.colcon_core.package_identification:_identify(src) by extension 'ignore'
[0.949s] Level 1:colcon.colcon_core.package_identification:_identify(src) by extension 'ignore_ament_install'
[0.949s] Level 1:colcon.colcon_core.package_identification:_identify(src) by extensions ['colcon_pkg']
[0.949s] Level 1:colcon.colcon_core.package_identification:_identify(src) by extension 'colcon_pkg'
[0.949s] Level 1:colcon.colcon_core.package_identification:_identify(src) by extensions ['colcon_meta']
[0.949s] Level 1:colcon.colcon_core.package_identification:_identify(src) by extension 'colcon_meta'
[0.949s] Level 1:colcon.colcon_core.package_identification:_identify(src) by extensions ['ros']
[0.949s] Level 1:colcon.colcon_core.package_identification:_identify(src) by extension 'ros'
[0.949s] Level 1:colcon.colcon_core.package_identification:_identify(src) by extensions ['cmake', 'python']
[0.949s] Level 1:colcon.colcon_core.package_identification:_identify(src) by extension 'cmake'
[0.949s] Level 1:colcon.colcon_core.package_identification:_identify(src) by extension 'python'
[0.949s] Level 1:colcon.colcon_core.package_identification:_identify(src) by extensions ['python_setup_py']
[0.949s] Level 1:colcon.colcon_core.package_identification:_identify(src) by extension 'python_setup_py'
[0.949s] Level 1:colcon.colcon_core.package_identification:_identify(src/panda_bringup) by extensions ['ignore', 'ignore_ament_install']
[0.949s] Level 1:colcon.colcon_core.package_identification:_identify(src/panda_bringup) by extension 'ignore'
[0.950s] Level 1:colcon.colcon_core.package_identification:_identify(src/panda_bringup) by extension 'ignore_ament_install'
[0.950s] Level 1:colcon.colcon_core.package_identification:_identify(src/panda_bringup) by extensions ['colcon_pkg']
[0.950s] Level 1:colcon.colcon_core.package_identification:_identify(src/panda_bringup) by extension 'colcon_pkg'
[0.950s] Level 1:colcon.colcon_core.package_identification:_identify(src/panda_bringup) by extensions ['colcon_meta']
[0.950s] Level 1:colcon.colcon_core.package_identification:_identify(src/panda_bringup) by extension 'colcon_meta'
[0.950s] Level 1:colcon.colcon_core.package_identification:_identify(src/panda_bringup) by extensions ['ros']
[0.950s] Level 1:colcon.colcon_core.package_identification:_identify(src/panda_bringup) by extension 'ros'
[0.953s] DEBUG:colcon.colcon_core.package_identification:Package 'src/panda_bringup' with type 'ros.ament_cmake' and name 'panda_bringup'
[0.953s] Level 1:colcon.colcon_core.package_identification:_identify(src/panda_controller) by extensions ['ignore', 'ignore_ament_install']
[0.953s] Level 1:colcon.colcon_core.package_identification:_identify(src/panda_controller) by extension 'ignore'
[0.953s] Level 1:colcon.colcon_core.package_identification:_identify(src/panda_controller) by extension 'ignore_ament_install'
[0.953s] Level 1:colcon.colcon_core.package_identification:_identify(src/panda_controller) by extensions ['colcon_pkg']
[0.953s] Level 1:colcon.colcon_core.package_identification:_identify(src/panda_controller) by extension 'colcon_pkg'
[0.953s] Level 1:colcon.colcon_core.package_identification:_identify(src/panda_controller) by extensions ['colcon_meta']
[0.953s] Level 1:colcon.colcon_core.package_identification:_identify(src/panda_controller) by extension 'colcon_meta'
[0.953s] Level 1:colcon.colcon_core.package_identification:_identify(src/panda_controller) by extensions ['ros']
[0.953s] Level 1:colcon.colcon_core.package_identification:_identify(src/panda_controller) by extension 'ros'
[0.954s] DEBUG:colcon.colcon_core.package_identification:Package 'src/panda_controller' with type 'ros.ament_cmake' and name 'panda_controller'
[0.954s] Level 1:colcon.colcon_core.package_identification:_identify(src/panda_description) by extensions ['ignore', 'ignore_ament_install']
[0.954s] Level 1:colcon.colcon_core.package_identification:_identify(src/panda_description) by extension 'ignore'
[0.954s] Level 1:colcon.colcon_core.package_identification:_identify(src/panda_description) by extension 'ignore_ament_install'
[0.955s] Level 1:colcon.colcon_core.package_identification:_identify(src/panda_description) by extensions ['colcon_pkg']
[0.955s] Level 1:colcon.colcon_core.package_identification:_identify(src/panda_description) by extension 'colcon_pkg'
[0.955s] Level 1:colcon.colcon_core.package_identification:_identify(src/panda_description) by extensions ['colcon_meta']
[0.955s] Level 1:colcon.colcon_core.package_identification:_identify(src/panda_description) by extension 'colcon_meta'
[0.955s] Level 1:colcon.colcon_core.package_identification:_identify(src/panda_description) by extensions ['ros']
[0.955s] Level 1:colcon.colcon_core.package_identification:_identify(src/panda_description) by extension 'ros'
[0.957s] DEBUG:colcon.colcon_core.package_identification:Package 'src/panda_description' with type 'ros.ament_cmake' and name 'panda_description'
[0.957s] Level 1:colcon.colcon_core.package_identification:_identify(src/panda_moveit) by extensions ['ignore', 'ignore_ament_install']
[0.957s] Level 1:colcon.colcon_core.package_identification:_identify(src/panda_moveit) by extension 'ignore'
[0.957s] Level 1:colcon.colcon_core.package_identification:_identify(src/panda_moveit) by extension 'ignore_ament_install'
[0.957s] Level 1:colcon.colcon_core.package_identification:_identify(src/panda_moveit) by extensions ['colcon_pkg']
[0.957s] Level 1:colcon.colcon_core.package_identification:_identify(src/panda_moveit) by extension 'colcon_pkg'
[0.957s] Level 1:colcon.colcon_core.package_identification:_identify(src/panda_moveit) by extensions ['colcon_meta']
[0.957s] Level 1:colcon.colcon_core.package_identification:_identify(src/panda_moveit) by extension 'colcon_meta'
[0.957s] Level 1:colcon.colcon_core.package_identification:_identify(src/panda_moveit) by extensions ['ros']
[0.957s] Level 1:colcon.colcon_core.package_identification:_identify(src/panda_moveit) by extension 'ros'
[0.958s] DEBUG:colcon.colcon_core.package_identification:Package 'src/panda_moveit' with type 'ros.ament_cmake' and name 'panda_moveit'
[0.958s] Level 1:colcon.colcon_core.package_identification:_identify(src/panda_nlp) by extensions ['ignore', 'ignore_ament_install']
[0.959s] Level 1:colcon.colcon_core.package_identification:_identify(src/panda_nlp) by extension 'ignore'
[0.959s] Level 1:colcon.colcon_core.package_identification:_identify(src/panda_nlp) by extension 'ignore_ament_install'
[0.959s] Level 1:colcon.colcon_core.package_identification:_identify(src/panda_nlp) by extensions ['colcon_pkg']
[0.959s] Level 1:colcon.colcon_core.package_identification:_identify(src/panda_nlp) by extension 'colcon_pkg'
[0.959s] Level 1:colcon.colcon_core.package_identification:_identify(src/panda_nlp) by extensions ['colcon_meta']
[0.959s] Level 1:colcon.colcon_core.package_identification:_identify(src/panda_nlp) by extension 'colcon_meta'
[0.959s] Level 1:colcon.colcon_core.package_identification:_identify(src/panda_nlp) by extensions ['ros']
[0.959s] Level 1:colcon.colcon_core.package_identification:_identify(src/panda_nlp) by extension 'ros'
[0.960s] DEBUG:colcon.colcon_core.package_identification:Package 'src/panda_nlp' with type 'ros.ament_python' and name 'panda_nlp'
[0.960s] Level 1:colcon.colcon_core.package_identification:_identify(src/panda_vision) by extensions ['ignore', 'ignore_ament_install']
[0.960s] Level 1:colcon.colcon_core.package_identification:_identify(src/panda_vision) by extension 'ignore'
[0.960s] Level 1:colcon.colcon_core.package_identification:_identify(src/panda_vision) by extension 'ignore_ament_install'
[0.960s] Level 1:colcon.colcon_core.package_identification:_identify(src/panda_vision) by extensions ['colcon_pkg']
[0.960s] Level 1:colcon.colcon_core.package_identification:_identify(src/panda_vision) by extension 'colcon_pkg'
[0.960s] Level 1:colcon.colcon_core.package_identification:_identify(src/panda_vision) by extensions ['colcon_meta']
[0.960s] Level 1:colcon.colcon_core.package_identification:_identify(src/panda_vision) by extension 'colcon_meta'
[0.960s] Level 1:colcon.colcon_core.package_identification:_identify(src/panda_vision) by extensions ['ros']
[0.960s] Level 1:colcon.colcon_core.package_identification:_identify(src/panda_vision) by extension 'ros'
[0.961s] DEBUG:colcon.colcon_core.package_identification:Package 'src/panda_vision' with type 'ros.ament_python' and name 'panda_vision'
[0.962s] Level 1:colcon.colcon_core.package_identification:_identify(src/pymoveit2) by extensions ['ignore', 'ignore_ament_install']
[0.962s] Level 1:colcon.colcon_core.package_identification:_identify(src/pymoveit2) by extension 'ignore'
[0.962s] Level 1:colcon.colcon_core.package_identification:_identify(src/pymoveit2) by extension 'ignore_ament_install'
[0.962s] Level 1:colcon.colcon_core.package_identification:_identify(src/pymoveit2) by extensions ['colcon_pkg']
[0.962s] Level 1:colcon.colcon_core.package_identification:_identify(src/pymoveit2) by extension 'colcon_pkg'
[0.962s] Level 1:colcon.colcon_core.package_identification:_identify(src/pymoveit2) by extensions ['colcon_meta']
[0.962s] Level 1:colcon.colcon_core.package_identification:_identify(src/pymoveit2) by extension 'colcon_meta'
[0.962s] Level 1:colcon.colcon_core.package_identification:_identify(src/pymoveit2) by extensions ['ros']
[0.962s] Level 1:colcon.colcon_core.package_identification:_identify(src/pymoveit2) by extension 'ros'
[0.964s] DEBUG:colcon.colcon_core.package_identification:Package 'src/pymoveit2' with type 'ros.ament_cmake' and name 'pymoveit2'
[0.964s] Level 1:colcon.colcon_core.package_discovery:discover_packages(recursive) using defaults
[0.964s] Level 1:colcon.colcon_core.package_discovery:discover_packages(ignore) discover
[0.964s] Level 1:colcon.colcon_core.package_discovery:discover_packages(ignore) using defaults
[0.964s] Level 1:colcon.colcon_core.package_discovery:discover_packages(path) discover
[0.964s] Level 1:colcon.colcon_core.package_discovery:discover_packages(path) using defaults
[1.005s] Level 1:colcon.colcon_core.package_discovery:discover_packages(prefix_path) check parameters
[1.005s] Level 1:colcon.colcon_core.package_discovery:discover_packages(prefix_path) discover
[1.009s] WARNING:colcon.colcon_ros.prefix_path.ament:The path '/home/roboarm/panda_ws/install/panda_bringup' in the environment variable AMENT_PREFIX_PATH doesn't exist
[1.010s] WARNING:colcon.colcon_ros.prefix_path.ament:The path '/home/roboarm/panda_ws/install/pymoveit2' in the environment variable AMENT_PREFIX_PATH doesn't exist
[1.010s] WARNING:colcon.colcon_ros.prefix_path.ament:The path '/home/roboarm/panda_ws/install/panda_vision' in the environment variable AMENT_PREFIX_PATH doesn't exist
[1.010s] WARNING:colcon.colcon_ros.prefix_path.ament:The path '/home/roboarm/panda_ws/install/panda_nlp' in the environment variable AMENT_PREFIX_PATH doesn't exist
[1.010s] WARNING:colcon.colcon_ros.prefix_path.ament:The path '/home/roboarm/panda_ws/install/panda_moveit' in the environment variable AMENT_PREFIX_PATH doesn't exist
[1.010s] WARNING:colcon.colcon_ros.prefix_path.ament:The path '/home/roboarm/panda_ws/install/panda_controller' in the environment variable AMENT_PREFIX_PATH doesn't exist
[1.010s] WARNING:colcon.colcon_ros.prefix_path.ament:The path '/home/roboarm/panda_ws/install/panda_description' in the environment variable AMENT_PREFIX_PATH doesn't exist
[1.010s] WARNING:colcon.colcon_ros.prefix_path.catkin:The path '/home/roboarm/panda_ws/install/panda_bringup' in the environment variable CMAKE_PREFIX_PATH doesn't exist
[1.010s] WARNING:colcon.colcon_ros.prefix_path.catkin:The path '/home/roboarm/panda_ws/install/pymoveit2' in the environment variable CMAKE_PREFIX_PATH doesn't exist
[1.010s] WARNING:colcon.colcon_ros.prefix_path.catkin:The path '/home/roboarm/panda_ws/install/panda_moveit' in the environment variable CMAKE_PREFIX_PATH doesn't exist
[1.010s] WARNING:colcon.colcon_ros.prefix_path.catkin:The path '/home/roboarm/panda_ws/install/panda_controller' in the environment variable CMAKE_PREFIX_PATH doesn't exist
[1.010s] WARNING:colcon.colcon_ros.prefix_path.catkin:The path '/home/roboarm/panda_ws/install/panda_description' in the environment variable CMAKE_PREFIX_PATH doesn't exist
[1.012s] DEBUG:colcon.colcon_installed_package_information.package_discovery:Found 0 installed packages in /home/roboarm/panda_ws/install
[1.014s] DEBUG:colcon.colcon_installed_package_information.package_discovery:Found 402 installed packages in /opt/ros/humble
[1.015s] Level 1:colcon.colcon_core.package_discovery:discover_packages(prefix_path) using defaults
[1.052s] Level 5:colcon.colcon_core.verb:set package 'panda_description' build argument 'cmake_args' from command line to 'None'
[1.052s] Level 5:colcon.colcon_core.verb:set package 'panda_description' build argument 'cmake_target' from command line to 'None'
[1.052s] Level 5:colcon.colcon_core.verb:set package 'panda_description' build argument 'cmake_target_skip_unavailable' from command line to 'False'
[1.052s] Level 5:colcon.colcon_core.verb:set package 'panda_description' build argument 'cmake_clean_cache' from command line to 'False'
[1.052s] Level 5:colcon.colcon_core.verb:set package 'panda_description' build argument 'cmake_clean_first' from command line to 'False'
[1.052s] Level 5:colcon.colcon_core.verb:set package 'panda_description' build argument 'cmake_force_configure' from command line to 'False'
[1.052s] Level 5:colcon.colcon_core.verb:set package 'panda_description' build argument 'ament_cmake_args' from command line to 'None'
[1.052s] Level 5:colcon.colcon_core.verb:set package 'panda_description' build argument 'catkin_cmake_args' from command line to 'None'
[1.052s] Level 5:colcon.colcon_core.verb:set package 'panda_description' build argument 'catkin_skip_building_tests' from command line to 'False'
[1.052s] DEBUG:colcon.colcon_core.verb:Building package 'panda_description' with the following arguments: {'ament_cmake_args': None, 'build_base': '/home/roboarm/panda_ws/build/panda_description', 'catkin_cmake_args': None, 'catkin_skip_building_tests': False, 'cmake_args': None, 'cmake_clean_cache': False, 'cmake_clean_first': False, 'cmake_force_configure': False, 'cmake_target': None, 'cmake_target_skip_unavailable': False, 'install_base': '/home/roboarm/panda_ws/install/panda_description', 'merge_install': False, 'path': '/home/roboarm/panda_ws/src/panda_description', 'symlink_install': False, 'test_result_base': None}
[1.052s] Level 5:colcon.colcon_core.verb:set package 'panda_nlp' build argument 'cmake_args' from command line to 'None'
[1.052s] Level 5:colcon.colcon_core.verb:set package 'panda_nlp' build argument 'cmake_target' from command line to 'None'
[1.052s] Level 5:colcon.colcon_core.verb:set package 'panda_nlp' build argument 'cmake_target_skip_unavailable' from command line to 'False'
[1.052s] Level 5:colcon.colcon_core.verb:set package 'panda_nlp' build argument 'cmake_clean_cache' from command line to 'False'
[1.052s] Level 5:colcon.colcon_core.verb:set package 'panda_nlp' build argument 'cmake_clean_first' from command line to 'False'
[1.052s] Level 5:colcon.colcon_core.verb:set package 'panda_nlp' build argument 'cmake_force_configure' from command line to 'False'
[1.052s] Level 5:colcon.colcon_core.verb:set package 'panda_nlp' build argument 'ament_cmake_args' from command line to 'None'
[1.052s] Level 5:colcon.colcon_core.verb:set package 'panda_nlp' build argument 'catkin_cmake_args' from command line to 'None'
[1.052s] Level 5:colcon.colcon_core.verb:set package 'panda_nlp' build argument 'catkin_skip_building_tests' from command line to 'False'
[1.052s] DEBUG:colcon.colcon_core.verb:Building package 'panda_nlp' with the following arguments: {'ament_cmake_args': None, 'build_base': '/home/roboarm/panda_ws/build/panda_nlp', 'catkin_cmake_args': None, 'catkin_skip_building_tests': False, 'cmake_args': None, 'cmake_clean_cache': False, 'cmake_clean_first': False, 'cmake_force_configure': False, 'cmake_target': None, 'cmake_target_skip_unavailable': False, 'install_base': '/home/roboarm/panda_ws/install/panda_nlp', 'merge_install': False, 'path': '/home/roboarm/panda_ws/src/panda_nlp', 'symlink_install': False, 'test_result_base': None}
[1.052s] Level 5:colcon.colcon_core.verb:set package 'panda_vision' build argument 'cmake_args' from command line to 'None'
[1.052s] Level 5:colcon.colcon_core.verb:set package 'panda_vision' build argument 'cmake_target' from command line to 'None'
[1.052s] Level 5:colcon.colcon_core.verb:set package 'panda_vision' build argument 'cmake_target_skip_unavailable' from command line to 'False'
[1.052s] Level 5:colcon.colcon_core.verb:set package 'panda_vision' build argument 'cmake_clean_cache' from command line to 'False'
[1.052s] Level 5:colcon.colcon_core.verb:set package 'panda_vision' build argument 'cmake_clean_first' from command line to 'False'
[1.052s] Level 5:colcon.colcon_core.verb:set package 'panda_vision' build argument 'cmake_force_configure' from command line to 'False'
[1.052s] Level 5:colcon.colcon_core.verb:set package 'panda_vision' build argument 'ament_cmake_args' from command line to 'None'
[1.052s] Level 5:colcon.colcon_core.verb:set package 'panda_vision' build argument 'catkin_cmake_args' from command line to 'None'
[1.052s] Level 5:colcon.colcon_core.verb:set package 'panda_vision' build argument 'catkin_skip_building_tests' from command line to 'False'
[1.052s] DEBUG:colcon.colcon_core.verb:Building package 'panda_vision' with the following arguments: {'ament_cmake_args': None, 'build_base': '/home/roboarm/panda_ws/build/panda_vision', 'catkin_cmake_args': None, 'catkin_skip_building_tests': False, 'cmake_args': None, 'cmake_clean_cache': False, 'cmake_clean_first': False, 'cmake_force_configure': False, 'cmake_target': None, 'cmake_target_skip_unavailable': False, 'install_base': '/home/roboarm/panda_ws/install/panda_vision', 'merge_install': False, 'path': '/home/roboarm/panda_ws/src/panda_vision', 'symlink_install': False, 'test_result_base': None}
[1.053s] Level 5:colcon.colcon_core.verb:set package 'pymoveit2' build argument 'cmake_args' from command line to 'None'
[1.053s] Level 5:colcon.colcon_core.verb:set package 'pymoveit2' build argument 'cmake_target' from command line to 'None'
[1.053s] Level 5:colcon.colcon_core.verb:set package 'pymoveit2' build argument 'cmake_target_skip_unavailable' from command line to 'False'
[1.053s] Level 5:colcon.colcon_core.verb:set package 'pymoveit2' build argument 'cmake_clean_cache' from command line to 'False'
[1.053s] Level 5:colcon.colcon_core.verb:set package 'pymoveit2' build argument 'cmake_clean_first' from command line to 'False'
[1.053s] Level 5:colcon.colcon_core.verb:set package 'pymoveit2' build argument 'cmake_force_configure' from command line to 'False'
[1.053s] Level 5:colcon.colcon_core.verb:set package 'pymoveit2' build argument 'ament_cmake_args' from command line to 'None'
[1.053s] Level 5:colcon.colcon_core.verb:set package 'pymoveit2' build argument 'catkin_cmake_args' from command line to 'None'
[1.053s] Level 5:colcon.colcon_core.verb:set package 'pymoveit2' build argument 'catkin_skip_building_tests' from command line to 'False'
[1.053s] DEBUG:colcon.colcon_core.verb:Building package 'pymoveit2' with the following arguments: {'ament_cmake_args': None, 'build_base': '/home/roboarm/panda_ws/build/pymoveit2', 'catkin_cmake_args': None, 'catkin_skip_building_tests': False, 'cmake_args': None, 'cmake_clean_cache': False, 'cmake_clean_first': False, 'cmake_force_configure': False, 'cmake_target': None, 'cmake_target_skip_unavailable': False, 'install_base': '/home/roboarm/panda_ws/install/pymoveit2', 'merge_install': False, 'path': '/home/roboarm/panda_ws/src/pymoveit2', 'symlink_install': False, 'test_result_base': None}
[1.053s] Level 5:colcon.colcon_core.verb:set package 'panda_controller' build argument 'cmake_args' from command line to 'None'
[1.053s] Level 5:colcon.colcon_core.verb:set package 'panda_controller' build argument 'cmake_target' from command line to 'None'
[1.053s] Level 5:colcon.colcon_core.verb:set package 'panda_controller' build argument 'cmake_target_skip_unavailable' from command line to 'False'
[1.053s] Level 5:colcon.colcon_core.verb:set package 'panda_controller' build argument 'cmake_clean_cache' from command line to 'False'
[1.053s] Level 5:colcon.colcon_core.verb:set package 'panda_controller' build argument 'cmake_clean_first' from command line to 'False'
[1.053s] Level 5:colcon.colcon_core.verb:set package 'panda_controller' build argument 'cmake_force_configure' from command line to 'False'
[1.053s] Level 5:colcon.colcon_core.verb:set package 'panda_controller' build argument 'ament_cmake_args' from command line to 'None'
[1.053s] Level 5:colcon.colcon_core.verb:set package 'panda_controller' build argument 'catkin_cmake_args' from command line to 'None'
[1.053s] Level 5:colcon.colcon_core.verb:set package 'panda_controller' build argument 'catkin_skip_building_tests' from command line to 'False'
[1.053s] DEBUG:colcon.colcon_core.verb:Building package 'panda_controller' with the following arguments: {'ament_cmake_args': None, 'build_base': '/home/roboarm/panda_ws/build/panda_controller', 'catkin_cmake_args': None, 'catkin_skip_building_tests': False, 'cmake_args': None, 'cmake_clean_cache': False, 'cmake_clean_first': False, 'cmake_force_configure': False, 'cmake_target': None, 'cmake_target_skip_unavailable': False, 'install_base': '/home/roboarm/panda_ws/install/panda_controller', 'merge_install': False, 'path': '/home/roboarm/panda_ws/src/panda_controller', 'symlink_install': False, 'test_result_base': None}
[1.053s] Level 5:colcon.colcon_core.verb:set package 'panda_moveit' build argument 'cmake_args' from command line to 'None'
[1.053s] Level 5:colcon.colcon_core.verb:set package 'panda_moveit' build argument 'cmake_target' from command line to 'None'
[1.053s] Level 5:colcon.colcon_core.verb:set package 'panda_moveit' build argument 'cmake_target_skip_unavailable' from command line to 'False'
[1.053s] Level 5:colcon.colcon_core.verb:set package 'panda_moveit' build argument 'cmake_clean_cache' from command line to 'False'
[1.053s] Level 5:colcon.colcon_core.verb:set package 'panda_moveit' build argument 'cmake_clean_first' from command line to 'False'
[1.053s] Level 5:colcon.colcon_core.verb:set package 'panda_moveit' build argument 'cmake_force_configure' from command line to 'False'
[1.053s] Level 5:colcon.colcon_core.verb:set package 'panda_moveit' build argument 'ament_cmake_args' from command line to 'None'
[1.053s] Level 5:colcon.colcon_core.verb:set package 'panda_moveit' build argument 'catkin_cmake_args' from command line to 'None'
[1.053s] Level 5:colcon.colcon_core.verb:set package 'panda_moveit' build argument 'catkin_skip_building_tests' from command line to 'False'
[1.054s] DEBUG:colcon.colcon_core.verb:Building package 'panda_moveit' with the following arguments: {'ament_cmake_args': None, 'build_base': '/home/roboarm/panda_ws/build/panda_moveit', 'catkin_cmake_args': None, 'catkin_skip_building_tests': False, 'cmake_args': None, 'cmake_clean_cache': False, 'cmake_clean_first': False, 'cmake_force_configure': False, 'cmake_target': None, 'cmake_target_skip_unavailable': False, 'install_base': '/home/roboarm/panda_ws/install/panda_moveit', 'merge_install': False, 'path': '/home/roboarm/panda_ws/src/panda_moveit', 'symlink_install': False, 'test_result_base': None}
[1.054s] Level 5:colcon.colcon_core.verb:set package 'panda_bringup' build argument 'cmake_args' from command line to 'None'
[1.054s] Level 5:colcon.colcon_core.verb:set package 'panda_bringup' build argument 'cmake_target' from command line to 'None'
[1.054s] Level 5:colcon.colcon_core.verb:set package 'panda_bringup' build argument 'cmake_target_skip_unavailable' from command line to 'False'
[1.054s] Level 5:colcon.colcon_core.verb:set package 'panda_bringup' build argument 'cmake_clean_cache' from command line to 'False'
[1.054s] Level 5:colcon.colcon_core.verb:set package 'panda_bringup' build argument 'cmake_clean_first' from command line to 'False'
[1.054s] Level 5:colcon.colcon_core.verb:set package 'panda_bringup' build argument 'cmake_force_configure' from command line to 'False'
[1.054s] Level 5:colcon.colcon_core.verb:set package 'panda_bringup' build argument 'ament_cmake_args' from command line to 'None'
[1.054s] Level 5:colcon.colcon_core.verb:set package 'panda_bringup' build argument 'catkin_cmake_args' from command line to 'None'
[1.054s] Level 5:colcon.colcon_core.verb:set package 'panda_bringup' build argument 'catkin_skip_building_tests' from command line to 'False'
[1.054s] DEBUG:colcon.colcon_core.verb:Building package 'panda_bringup' with the following arguments: {'ament_cmake_args': None, 'build_base': '/home/roboarm/panda_ws/build/panda_bringup', 'catkin_cmake_args': None, 'catkin_skip_building_tests': False, 'cmake_args': None, 'cmake_clean_cache': False, 'cmake_clean_first': False, 'cmake_force_configure': False, 'cmake_target': None, 'cmake_target_skip_unavailable': False, 'install_base': '/home/roboarm/panda_ws/install/panda_bringup', 'merge_install': False, 'path': '/home/roboarm/panda_ws/src/panda_bringup', 'symlink_install': False, 'test_result_base': None}
[1.054s] INFO:colcon.colcon_core.executor:Executing jobs using 'parallel' executor
[1.055s] DEBUG:colcon.colcon_parallel_executor.executor.parallel:run_until_complete
[1.056s] INFO:colcon.colcon_ros.task.ament_cmake.build:Building ROS package in '/home/roboarm/panda_ws/src/panda_description' with build type 'ament_cmake'
[1.056s] INFO:colcon.colcon_cmake.task.cmake.build:Building CMake package in '/home/roboarm/panda_ws/src/panda_description'
[1.066s] INFO:colcon.colcon_core.plugin_system:Skipping extension 'colcon_core.shell.bat': Not used on non-Windows systems
[1.067s] INFO:colcon.colcon_core.shell:Skip shell extension 'powershell' for command environment: Not usable outside of PowerShell
[1.067s] DEBUG:colcon.colcon_core.shell:Skip shell extension 'dsv' for command environment
[1.074s] INFO:colcon.colcon_ros.task.ament_python.build:Building ROS package in '/home/roboarm/panda_ws/src/panda_vision' with build type 'ament_python'
[1.074s] Level 1:colcon.colcon_core.shell:create_environment_hook('panda_vision', 'ament_prefix_path')
[1.074s] INFO:colcon.colcon_core.shell:Creating environment hook '/home/roboarm/panda_ws/install/panda_vision/share/panda_vision/hook/ament_prefix_path.ps1'
[1.075s] INFO:colcon.colcon_core.shell:Creating environment descriptor '/home/roboarm/panda_ws/install/panda_vision/share/panda_vision/hook/ament_prefix_path.dsv'
[1.076s] INFO:colcon.colcon_core.shell:Creating environment hook '/home/roboarm/panda_ws/install/panda_vision/share/panda_vision/hook/ament_prefix_path.sh'
[1.077s] INFO:colcon.colcon_core.shell:Skip shell extension 'powershell' for command environment: Not usable outside of PowerShell
[1.077s] DEBUG:colcon.colcon_core.shell:Skip shell extension 'dsv' for command environment
[1.083s] INFO:colcon.colcon_ros.task.ament_cmake.build:Building ROS package in '/home/roboarm/panda_ws/src/pymoveit2' with build type 'ament_cmake'
[1.083s] INFO:colcon.colcon_cmake.task.cmake.build:Building CMake package in '/home/roboarm/panda_ws/src/pymoveit2'
[1.084s] INFO:colcon.colcon_core.shell:Skip shell extension 'powershell' for command environment: Not usable outside of PowerShell
[1.084s] DEBUG:colcon.colcon_core.shell:Skip shell extension 'dsv' for command environment
[1.088s] INFO:colcon.colcon_ros.task.ament_python.build:Building ROS package in '/home/roboarm/panda_ws/src/panda_nlp' with build type 'ament_python'
[1.089s] Level 1:colcon.colcon_core.shell:create_environment_hook('panda_nlp', 'ament_prefix_path')
[1.089s] INFO:colcon.colcon_core.shell:Creating environment hook '/home/roboarm/panda_ws/install/panda_nlp/share/panda_nlp/hook/ament_prefix_path.ps1'
[1.090s] INFO:colcon.colcon_core.shell:Creating environment descriptor '/home/roboarm/panda_ws/install/panda_nlp/share/panda_nlp/hook/ament_prefix_path.dsv'
[1.090s] INFO:colcon.colcon_core.shell:Creating environment hook '/home/roboarm/panda_ws/install/panda_nlp/share/panda_nlp/hook/ament_prefix_path.sh'
[1.091s] INFO:colcon.colcon_core.shell:Skip shell extension 'powershell' for command environment: Not usable outside of PowerShell
[1.091s] DEBUG:colcon.colcon_core.shell:Skip shell extension 'dsv' for command environment
[1.110s] DEBUG:colcon.colcon_core.event_handler.log_command:Invoking command in '/home/roboarm/panda_ws/build/panda_description': CMAKE_PREFIX_PATH=${CMAKE_PREFIX_PATH}:/home/roboarm/panda_ws/install/panda_vision:/home/roboarm/panda_ws/install/panda_nlp:/opt/ros/humble /usr/bin/cmake /home/roboarm/panda_ws/src/panda_description -DCMAKE_INSTALL_PREFIX=/home/roboarm/panda_ws/install/panda_description
[1.354s] INFO:colcon.colcon_core.task.python.build:Building Python package in '/home/roboarm/panda_ws/src/panda_vision'
[1.355s] INFO:colcon.colcon_core.shell:Skip shell extension 'powershell' for command environment: Not usable outside of PowerShell
[1.355s] DEBUG:colcon.colcon_core.shell:Skip shell extension 'dsv' for command environment
[1.363s] DEBUG:colcon.colcon_core.event_handler.log_command:Invoking command in '/home/roboarm/panda_ws/build/pymoveit2': CMAKE_PREFIX_PATH=${CMAKE_PREFIX_PATH}:/home/roboarm/panda_ws/install/panda_vision:/home/roboarm/panda_ws/install/panda_nlp:/opt/ros/humble /usr/bin/cmake /home/roboarm/panda_ws/src/pymoveit2 -DCMAKE_INSTALL_PREFIX=/home/roboarm/panda_ws/install/pymoveit2
[1.577s] INFO:colcon.colcon_core.task.python.build:Building Python package in '/home/roboarm/panda_ws/src/panda_nlp'
[1.577s] INFO:colcon.colcon_core.shell:Skip shell extension 'powershell' for command environment: Not usable outside of PowerShell
[1.577s] DEBUG:colcon.colcon_core.shell:Skip shell extension 'dsv' for command environment
[2.138s] DEBUG:colcon.colcon_core.event_handler.log_command:Invoking command in '/home/roboarm/panda_ws/src/panda_nlp': PYTHONPATH=/home/roboarm/panda_ws/build/panda_nlp/prefix_override:/usr/lib/python3/dist-packages/colcon_core/task/python/colcon_distutils_commands:/home/roboarm/panda_ws/install/panda_nlp/lib/python3.10/site-packages:${PYTHONPATH} /usr/bin/python3 -W ignore:setup.py install is deprecated -W ignore:easy_install command is deprecated setup.py egg_info --egg-base ../../build/panda_nlp build --build-base /home/roboarm/panda_ws/build/panda_nlp/build install --record /home/roboarm/panda_ws/build/panda_nlp/install.log --single-version-externally-managed install_data
[2.139s] DEBUG:colcon.colcon_core.event_handler.log_command:Invoking command in '/home/roboarm/panda_ws/src/panda_vision': PYTHONPATH=/home/roboarm/panda_ws/build/panda_vision/prefix_override:/usr/lib/python3/dist-packages/colcon_core/task/python/colcon_distutils_commands:/home/roboarm/panda_ws/install/panda_vision/lib/python3.10/site-packages:${PYTHONPATH} /usr/bin/python3 -W ignore:setup.py install is deprecated -W ignore:easy_install command is deprecated setup.py egg_info --egg-base ../../build/panda_vision build --build-base /home/roboarm/panda_ws/build/panda_vision/build install --record /home/roboarm/panda_ws/build/panda_vision/install.log --single-version-externally-managed install_data
[2.389s] DEBUG:colcon.colcon_core.event_handler.log_command:Invoked command in '/home/roboarm/panda_ws/src/panda_vision' returned '0': PYTHONPATH=/home/roboarm/panda_ws/build/panda_vision/prefix_override:/usr/lib/python3/dist-packages/colcon_core/task/python/colcon_distutils_commands:/home/roboarm/panda_ws/install/panda_vision/lib/python3.10/site-packages:${PYTHONPATH} /usr/bin/python3 -W ignore:setup.py install is deprecated -W ignore:easy_install command is deprecated setup.py egg_info --egg-base ../../build/panda_vision build --build-base /home/roboarm/panda_ws/build/panda_vision/build install --record /home/roboarm/panda_ws/build/panda_vision/install.log --single-version-externally-managed install_data
[2.401s] Level 1:colcon.colcon_core.environment:checking '/home/roboarm/panda_ws/install/panda_vision' for CMake module files
[2.402s] Level 1:colcon.colcon_core.environment:checking '/home/roboarm/panda_ws/install/panda_vision' for CMake config files
[2.403s] Level 1:colcon.colcon_core.environment:checking '/home/roboarm/panda_ws/install/panda_vision/lib'
[2.403s] Level 1:colcon.colcon_core.environment:checking '/home/roboarm/panda_ws/install/panda_vision/bin'
[2.403s] Level 1:colcon.colcon_core.environment:checking '/home/roboarm/panda_ws/install/panda_vision/lib/pkgconfig/panda_vision.pc'
[2.405s] Level 1:colcon.colcon_core.environment:checking '/home/roboarm/panda_ws/install/panda_vision/lib/python3.10/site-packages'
[2.405s] Level 1:colcon.colcon_core.shell:create_environment_hook('panda_vision', 'pythonpath')
[2.405s] INFO:colcon.colcon_core.shell:Creating environment hook '/home/roboarm/panda_ws/install/panda_vision/share/panda_vision/hook/pythonpath.ps1'
[2.406s] INFO:colcon.colcon_core.shell:Creating environment descriptor '/home/roboarm/panda_ws/install/panda_vision/share/panda_vision/hook/pythonpath.dsv'
[2.406s] INFO:colcon.colcon_core.shell:Creating environment hook '/home/roboarm/panda_ws/install/panda_vision/share/panda_vision/hook/pythonpath.sh'
[2.407s] Level 1:colcon.colcon_core.environment:checking '/home/roboarm/panda_ws/install/panda_vision/bin'
[2.407s] Level 1:colcon.colcon_core.environment:create_environment_scripts_only(panda_vision)
[2.407s] INFO:colcon.colcon_core.shell:Creating package script '/home/roboarm/panda_ws/install/panda_vision/share/panda_vision/package.ps1'
[2.408s] INFO:colcon.colcon_core.shell:Creating package descriptor '/home/roboarm/panda_ws/install/panda_vision/share/panda_vision/package.dsv'
[2.408s] INFO:colcon.colcon_core.shell:Creating package script '/home/roboarm/panda_ws/install/panda_vision/share/panda_vision/package.sh'
[2.410s] INFO:colcon.colcon_core.shell:Creating package script '/home/roboarm/panda_ws/install/panda_vision/share/panda_vision/package.bash'
[2.411s] INFO:colcon.colcon_core.shell:Creating package script '/home/roboarm/panda_ws/install/panda_vision/share/panda_vision/package.zsh'
[2.412s] Level 1:colcon.colcon_core.environment:create_file_with_runtime_dependencies(/home/roboarm/panda_ws/install/panda_vision/share/colcon-core/packages/panda_vision)
[2.413s] Level 1:colcon.colcon_core.environment:checking '/home/roboarm/panda_ws/install/panda_nlp' for CMake module files
[2.414s] DEBUG:colcon.colcon_core.event_handler.log_command:Invoked command in '/home/roboarm/panda_ws/src/panda_nlp' returned '0': PYTHONPATH=/home/roboarm/panda_ws/build/panda_nlp/prefix_override:/usr/lib/python3/dist-packages/colcon_core/task/python/colcon_distutils_commands:/home/roboarm/panda_ws/install/panda_nlp/lib/python3.10/site-packages:${PYTHONPATH} /usr/bin/python3 -W ignore:setup.py install is deprecated -W ignore:easy_install command is deprecated setup.py egg_info --egg-base ../../build/panda_nlp build --build-base /home/roboarm/panda_ws/build/panda_nlp/build install --record /home/roboarm/panda_ws/build/panda_nlp/install.log --single-version-externally-managed install_data
[2.414s] Level 1:colcon.colcon_core.environment:checking '/home/roboarm/panda_ws/install/panda_nlp' for CMake config files
[2.415s] Level 1:colcon.colcon_core.environment:checking '/home/roboarm/panda_ws/install/panda_nlp/lib'
[2.415s] Level 1:colcon.colcon_core.environment:checking '/home/roboarm/panda_ws/install/panda_nlp/bin'
[2.415s] Level 1:colcon.colcon_core.environment:checking '/home/roboarm/panda_ws/install/panda_nlp/lib/pkgconfig/panda_nlp.pc'
[2.415s] Level 1:colcon.colcon_core.environment:checking '/home/roboarm/panda_ws/install/panda_nlp/lib/python3.10/site-packages'
[2.415s] Level 1:colcon.colcon_core.shell:create_environment_hook('panda_nlp', 'pythonpath')
[2.415s] INFO:colcon.colcon_core.shell:Creating environment hook '/home/roboarm/panda_ws/install/panda_nlp/share/panda_nlp/hook/pythonpath.ps1'
[2.416s] INFO:colcon.colcon_core.shell:Creating environment descriptor '/home/roboarm/panda_ws/install/panda_nlp/share/panda_nlp/hook/pythonpath.dsv'
[2.416s] INFO:colcon.colcon_core.shell:Creating environment hook '/home/roboarm/panda_ws/install/panda_nlp/share/panda_nlp/hook/pythonpath.sh'
[2.416s] Level 1:colcon.colcon_core.environment:checking '/home/roboarm/panda_ws/install/panda_nlp/bin'
[2.416s] Level 1:colcon.colcon_core.environment:create_environment_scripts_only(panda_nlp)
[2.417s] INFO:colcon.colcon_core.shell:Creating package script '/home/roboarm/panda_ws/install/panda_nlp/share/panda_nlp/package.ps1'
[2.417s] INFO:colcon.colcon_core.shell:Creating package descriptor '/home/roboarm/panda_ws/install/panda_nlp/share/panda_nlp/package.dsv'
[2.417s] INFO:colcon.colcon_core.shell:Creating package script '/home/roboarm/panda_ws/install/panda_nlp/share/panda_nlp/package.sh'
[2.418s] INFO:colcon.colcon_core.shell:Creating package script '/home/roboarm/panda_ws/install/panda_nlp/share/panda_nlp/package.bash'
[2.418s] INFO:colcon.colcon_core.shell:Creating package script '/home/roboarm/panda_ws/install/panda_nlp/share/panda_nlp/package.zsh'
[2.418s] Level 1:colcon.colcon_core.environment:create_file_with_runtime_dependencies(/home/roboarm/panda_ws/install/panda_nlp/share/colcon-core/packages/panda_nlp)
[3.241s] DEBUG:colcon.colcon_core.event_handler.log_command:Invoked command in '/home/roboarm/panda_ws/build/panda_description' returned '0': CMAKE_PREFIX_PATH=${CMAKE_PREFIX_PATH}:/home/roboarm/panda_ws/install/panda_vision:/home/roboarm/panda_ws/install/panda_nlp:/opt/ros/humble /usr/bin/cmake /home/roboarm/panda_ws/src/panda_description -DCMAKE_INSTALL_PREFIX=/home/roboarm/panda_ws/install/panda_description
[3.243s] DEBUG:colcon.colcon_core.event_handler.log_command:Invoking command in '/home/roboarm/panda_ws/build/panda_description': CMAKE_PREFIX_PATH=${CMAKE_PREFIX_PATH}:/home/roboarm/panda_ws/install/panda_vision:/home/roboarm/panda_ws/install/panda_nlp:/opt/ros/humble /usr/bin/cmake --build /home/roboarm/panda_ws/build/panda_description -- -j6 -l6
[3.244s] DEBUG:colcon.colcon_core.event_handler.log_command:Invoked command in '/home/roboarm/panda_ws/build/pymoveit2' returned '0': CMAKE_PREFIX_PATH=${CMAKE_PREFIX_PATH}:/home/roboarm/panda_ws/install/panda_vision:/home/roboarm/panda_ws/install/panda_nlp:/opt/ros/humble /usr/bin/cmake /home/roboarm/panda_ws/src/pymoveit2 -DCMAKE_INSTALL_PREFIX=/home/roboarm/panda_ws/install/pymoveit2
[3.248s] DEBUG:colcon.colcon_core.event_handler.log_command:Invoking command in '/home/roboarm/panda_ws/build/pymoveit2': CMAKE_PREFIX_PATH=${CMAKE_PREFIX_PATH}:/home/roboarm/panda_ws/install/panda_vision:/home/roboarm/panda_ws/install/panda_nlp:/opt/ros/humble /usr/bin/cmake --build /home/roboarm/panda_ws/build/pymoveit2 -- -j6 -l6
[3.293s] DEBUG:colcon.colcon_core.event_handler.log_command:Invoked command in '/home/roboarm/panda_ws/build/panda_description' returned '0': CMAKE_PREFIX_PATH=${CMAKE_PREFIX_PATH}:/home/roboarm/panda_ws/install/panda_vision:/home/roboarm/panda_ws/install/panda_nlp:/opt/ros/humble /usr/bin/cmake --build /home/roboarm/panda_ws/build/panda_description -- -j6 -l6
[3.306s] DEBUG:colcon.colcon_core.event_handler.log_command:Invoking command in '/home/roboarm/panda_ws/build/panda_description': CMAKE_PREFIX_PATH=${CMAKE_PREFIX_PATH}:/home/roboarm/panda_ws/install/panda_vision:/home/roboarm/panda_ws/install/panda_nlp:/opt/ros/humble /usr/bin/cmake --install /home/roboarm/panda_ws/build/panda_description
[3.550s] Level 1:colcon.colcon_core.environment:create_environment_scripts_only(panda_description)
[3.550s] Level 1:colcon.colcon_core.environment:checking '/home/roboarm/panda_ws/install/panda_description' for CMake module files
[3.551s] Level 1:colcon.colcon_core.environment:checking '/home/roboarm/panda_ws/install/panda_description' for CMake config files
[3.551s] Level 1:colcon.colcon_core.shell:create_environment_hook('panda_description', 'cmake_prefix_path')
[3.552s] INFO:colcon.colcon_core.shell:Creating environment hook '/home/roboarm/panda_ws/install/panda_description/share/panda_description/hook/cmake_prefix_path.ps1'
[3.552s] INFO:colcon.colcon_core.shell:Creating environment descriptor '/home/roboarm/panda_ws/install/panda_description/share/panda_description/hook/cmake_prefix_path.dsv'
[3.552s] INFO:colcon.colcon_core.shell:Creating environment hook '/home/roboarm/panda_ws/install/panda_description/share/panda_description/hook/cmake_prefix_path.sh'
[3.553s] Level 1:colcon.colcon_core.environment:checking '/home/roboarm/panda_ws/install/panda_description/bin'
[3.553s] Level 1:colcon.colcon_core.environment:checking '/home/roboarm/panda_ws/install/panda_description/lib/pkgconfig/panda_description.pc'
[3.553s] Level 1:colcon.colcon_core.environment:checking '/home/roboarm/panda_ws/install/panda_description/lib/python3.10/site-packages'
[3.553s] Level 1:colcon.colcon_core.environment:checking '/home/roboarm/panda_ws/install/panda_description/bin'
[3.553s] INFO:colcon.colcon_core.shell:Creating package script '/home/roboarm/panda_ws/install/panda_description/share/panda_description/package.ps1'
[3.554s] INFO:colcon.colcon_core.shell:Creating package descriptor '/home/roboarm/panda_ws/install/panda_description/share/panda_description/package.dsv'
[3.554s] DEBUG:colcon.colcon_core.event_handler.log_command:Invoked command in '/home/roboarm/panda_ws/build/panda_description' returned '0': CMAKE_PREFIX_PATH=${CMAKE_PREFIX_PATH}:/home/roboarm/panda_ws/install/panda_vision:/home/roboarm/panda_ws/install/panda_nlp:/opt/ros/humble /usr/bin/cmake --install /home/roboarm/panda_ws/build/panda_description
[3.555s] INFO:colcon.colcon_core.shell:Creating package script '/home/roboarm/panda_ws/install/panda_description/share/panda_description/package.sh'
[3.555s] INFO:colcon.colcon_core.shell:Creating package script '/home/roboarm/panda_ws/install/panda_description/share/panda_description/package.bash'
[3.555s] INFO:colcon.colcon_core.shell:Creating package script '/home/roboarm/panda_ws/install/panda_description/share/panda_description/package.zsh'
[3.555s] Level 1:colcon.colcon_core.environment:create_file_with_runtime_dependencies(/home/roboarm/panda_ws/install/panda_description/share/colcon-core/packages/panda_description)
[3.556s] Level 1:colcon.colcon_core.environment:create_environment_scripts_only(panda_description)
[3.556s] Level 1:colcon.colcon_core.environment:checking '/home/roboarm/panda_ws/install/panda_description' for CMake module files
[3.556s] Level 1:colcon.colcon_core.environment:checking '/home/roboarm/panda_ws/install/panda_description' for CMake config files
[3.557s] Level 1:colcon.colcon_core.shell:create_environment_hook('panda_description', 'cmake_prefix_path')
[3.557s] INFO:colcon.colcon_core.shell:Creating environment hook '/home/roboarm/panda_ws/install/panda_description/share/panda_description/hook/cmake_prefix_path.ps1'
[3.557s] INFO:colcon.colcon_core.shell:Creating environment descriptor '/home/roboarm/panda_ws/install/panda_description/share/panda_description/hook/cmake_prefix_path.dsv'
[3.558s] INFO:colcon.colcon_core.shell:Creating environment hook '/home/roboarm/panda_ws/install/panda_description/share/panda_description/hook/cmake_prefix_path.sh'
[3.558s] Level 1:colcon.colcon_core.environment:checking '/home/roboarm/panda_ws/install/panda_description/bin'
[3.558s] Level 1:colcon.colcon_core.environment:checking '/home/roboarm/panda_ws/install/panda_description/lib/pkgconfig/panda_description.pc'
[3.558s] Level 1:colcon.colcon_core.environment:checking '/home/roboarm/panda_ws/install/panda_description/lib/python3.10/site-packages'
[3.559s] Level 1:colcon.colcon_core.environment:checking '/home/roboarm/panda_ws/install/panda_description/bin'
[3.559s] INFO:colcon.colcon_core.shell:Creating package script '/home/roboarm/panda_ws/install/panda_description/share/panda_description/package.ps1'
[3.559s] INFO:colcon.colcon_core.shell:Creating package descriptor '/home/roboarm/panda_ws/install/panda_description/share/panda_description/package.dsv'
[3.560s] INFO:colcon.colcon_core.shell:Creating package script '/home/roboarm/panda_ws/install/panda_description/share/panda_description/package.sh'
[3.560s] INFO:colcon.colcon_core.shell:Creating package script '/home/roboarm/panda_ws/install/panda_description/share/panda_description/package.bash'
[3.561s] INFO:colcon.colcon_core.shell:Creating package script '/home/roboarm/panda_ws/install/panda_description/share/panda_description/package.zsh'
[3.561s] Level 1:colcon.colcon_core.environment:create_file_with_runtime_dependencies(/home/roboarm/panda_ws/install/panda_description/share/colcon-core/packages/panda_description)
[3.562s] INFO:colcon.colcon_ros.task.ament_cmake.build:Building ROS package in '/home/roboarm/panda_ws/src/panda_controller' with build type 'ament_cmake'
[3.562s] INFO:colcon.colcon_cmake.task.cmake.build:Building CMake package in '/home/roboarm/panda_ws/src/panda_controller'
[3.562s] INFO:colcon.colcon_core.shell:Skip shell extension 'powershell' for command environment: Not usable outside of PowerShell
[3.562s] DEBUG:colcon.colcon_core.shell:Skip shell extension 'dsv' for command environment
[3.566s] INFO:colcon.colcon_ros.task.ament_cmake.build:Building ROS package in '/home/roboarm/panda_ws/src/panda_moveit' with build type 'ament_cmake'
[3.567s] INFO:colcon.colcon_cmake.task.cmake.build:Building CMake package in '/home/roboarm/panda_ws/src/panda_moveit'
[3.567s] INFO:colcon.colcon_core.shell:Skip shell extension 'powershell' for command environment: Not usable outside of PowerShell
[3.567s] DEBUG:colcon.colcon_core.shell:Skip shell extension 'dsv' for command environment
[3.579s] DEBUG:colcon.colcon_core.event_handler.log_command:Invoking command in '/home/roboarm/panda_ws/build/panda_controller': CMAKE_PREFIX_PATH=/home/roboarm/panda_ws/install/panda_description:/home/roboarm/panda_ws/install/panda_bringup:/home/roboarm/panda_ws/install/pymoveit2:/home/roboarm/panda_ws/install/panda_moveit:/home/roboarm/panda_ws/install/panda_controller:/home/roboarm/panda_ws/install/panda_vision:/home/roboarm/panda_ws/install/panda_nlp:/opt/ros/humble /usr/bin/cmake /home/roboarm/panda_ws/src/panda_controller -DCMAKE_INSTALL_PREFIX=/home/roboarm/panda_ws/install/panda_controller
[3.584s] DEBUG:colcon.colcon_core.event_handler.log_command:Invoking command in '/home/roboarm/panda_ws/build/panda_moveit': CMAKE_PREFIX_PATH=/home/roboarm/panda_ws/install/panda_description:/home/roboarm/panda_ws/install/panda_bringup:/home/roboarm/panda_ws/install/pymoveit2:/home/roboarm/panda_ws/install/panda_moveit:/home/roboarm/panda_ws/install/panda_controller:/home/roboarm/panda_ws/install/panda_vision:/home/roboarm/panda_ws/install/panda_nlp:/opt/ros/humble /usr/bin/cmake /home/roboarm/panda_ws/src/panda_moveit -DCMAKE_INSTALL_PREFIX=/home/roboarm/panda_ws/install/panda_moveit
[3.600s] DEBUG:colcon.colcon_core.event_handler.log_command:Invoked command in '/home/roboarm/panda_ws/build/pymoveit2' returned '0': CMAKE_PREFIX_PATH=${CMAKE_PREFIX_PATH}:/home/roboarm/panda_ws/install/panda_vision:/home/roboarm/panda_ws/install/panda_nlp:/opt/ros/humble /usr/bin/cmake --build /home/roboarm/panda_ws/build/pymoveit2 -- -j6 -l6
[3.600s] DEBUG:colcon.colcon_core.event_handler.log_command:Invoking command in '/home/roboarm/panda_ws/build/pymoveit2': CMAKE_PREFIX_PATH=${CMAKE_PREFIX_PATH}:/home/roboarm/panda_ws/install/panda_vision:/home/roboarm/panda_ws/install/panda_nlp:/opt/ros/humble /usr/bin/cmake --install /home/roboarm/panda_ws/build/pymoveit2
[3.689s] Level 1:colcon.colcon_core.environment:create_environment_scripts_only(pymoveit2)
[3.690s] Level 1:colcon.colcon_core.environment:checking '/home/roboarm/panda_ws/install/pymoveit2' for CMake module files
[3.690s] DEBUG:colcon.colcon_core.event_handler.log_command:Invoked command in '/home/roboarm/panda_ws/build/pymoveit2' returned '0': CMAKE_PREFIX_PATH=${CMAKE_PREFIX_PATH}:/home/roboarm/panda_ws/install/panda_vision:/home/roboarm/panda_ws/install/panda_nlp:/opt/ros/humble /usr/bin/cmake --install /home/roboarm/panda_ws/build/pymoveit2
[3.691s] Level 1:colcon.colcon_core.environment:checking '/home/roboarm/panda_ws/install/pymoveit2' for CMake config files
[3.691s] Level 1:colcon.colcon_core.shell:create_environment_hook('pymoveit2', 'cmake_prefix_path')
[3.692s] INFO:colcon.colcon_core.shell:Creating environment hook '/home/roboarm/panda_ws/install/pymoveit2/share/pymoveit2/hook/cmake_prefix_path.ps1'
[3.692s] INFO:colcon.colcon_core.shell:Creating environment descriptor '/home/roboarm/panda_ws/install/pymoveit2/share/pymoveit2/hook/cmake_prefix_path.dsv'
[3.692s] INFO:colcon.colcon_core.shell:Creating environment hook '/home/roboarm/panda_ws/install/pymoveit2/share/pymoveit2/hook/cmake_prefix_path.sh'
[3.693s] Level 1:colcon.colcon_core.environment:checking '/home/roboarm/panda_ws/install/pymoveit2/lib'
[3.693s] Level 1:colcon.colcon_core.environment:checking '/home/roboarm/panda_ws/install/pymoveit2/bin'
[3.693s] Level 1:colcon.colcon_core.environment:checking '/home/roboarm/panda_ws/install/pymoveit2/lib/pkgconfig/pymoveit2.pc'
[3.693s] Level 1:colcon.colcon_core.environment:checking '/home/roboarm/panda_ws/install/pymoveit2/lib/python3.10/site-packages'
[3.693s] Level 1:colcon.colcon_core.environment:checking '/home/roboarm/panda_ws/install/pymoveit2/bin'
[3.694s] INFO:colcon.colcon_core.shell:Creating package script '/home/roboarm/panda_ws/install/pymoveit2/share/pymoveit2/package.ps1'
[3.694s] INFO:colcon.colcon_core.shell:Creating package descriptor '/home/roboarm/panda_ws/install/pymoveit2/share/pymoveit2/package.dsv'
[3.694s] INFO:colcon.colcon_core.shell:Creating package script '/home/roboarm/panda_ws/install/pymoveit2/share/pymoveit2/package.sh'
[3.695s] INFO:colcon.colcon_core.shell:Creating package script '/home/roboarm/panda_ws/install/pymoveit2/share/pymoveit2/package.bash'
[3.695s] INFO:colcon.colcon_core.shell:Creating package script '/home/roboarm/panda_ws/install/pymoveit2/share/pymoveit2/package.zsh'
[3.695s] Level 1:colcon.colcon_core.environment:create_file_with_runtime_dependencies(/home/roboarm/panda_ws/install/pymoveit2/share/colcon-core/packages/pymoveit2)
[3.696s] Level 1:colcon.colcon_core.environment:create_environment_scripts_only(pymoveit2)
[3.696s] Level 1:colcon.colcon_core.environment:checking '/home/roboarm/panda_ws/install/pymoveit2' for CMake module files
[3.697s] Level 1:colcon.colcon_core.environment:checking '/home/roboarm/panda_ws/install/pymoveit2' for CMake config files
[3.697s] Level 1:colcon.colcon_core.shell:create_environment_hook('pymoveit2', 'cmake_prefix_path')
[3.697s] INFO:colcon.colcon_core.shell:Creating environment hook '/home/roboarm/panda_ws/install/pymoveit2/share/pymoveit2/hook/cmake_prefix_path.ps1'
[3.698s] INFO:colcon.colcon_core.shell:Creating environment descriptor '/home/roboarm/panda_ws/install/pymoveit2/share/pymoveit2/hook/cmake_prefix_path.dsv'
[3.699s] INFO:colcon.colcon_core.shell:Creating environment hook '/home/roboarm/panda_ws/install/pymoveit2/share/pymoveit2/hook/cmake_prefix_path.sh'
[3.700s] Level 1:colcon.colcon_core.environment:checking '/home/roboarm/panda_ws/install/pymoveit2/lib'
[3.700s] Level 1:colcon.colcon_core.environment:checking '/home/roboarm/panda_ws/install/pymoveit2/bin'
[3.700s] Level 1:colcon.colcon_core.environment:checking '/home/roboarm/panda_ws/install/pymoveit2/lib/pkgconfig/pymoveit2.pc'
[3.700s] Level 1:colcon.colcon_core.environment:checking '/home/roboarm/panda_ws/install/pymoveit2/lib/python3.10/site-packages'
[3.700s] Level 1:colcon.colcon_core.environment:checking '/home/roboarm/panda_ws/install/pymoveit2/bin'
[3.701s] INFO:colcon.colcon_core.shell:Creating package script '/home/roboarm/panda_ws/install/pymoveit2/share/pymoveit2/package.ps1'
[3.701s] INFO:colcon.colcon_core.shell:Creating package descriptor '/home/roboarm/panda_ws/install/pymoveit2/share/pymoveit2/package.dsv'
[3.702s] INFO:colcon.colcon_core.shell:Creating package script '/home/roboarm/panda_ws/install/pymoveit2/share/pymoveit2/package.sh'
[3.702s] INFO:colcon.colcon_core.shell:Creating package script '/home/roboarm/panda_ws/install/pymoveit2/share/pymoveit2/package.bash'
[3.703s] INFO:colcon.colcon_core.shell:Creating package script '/home/roboarm/panda_ws/install/pymoveit2/share/pymoveit2/package.zsh'
[3.703s] Level 1:colcon.colcon_core.environment:create_file_with_runtime_dependencies(/home/roboarm/panda_ws/install/pymoveit2/share/colcon-core/packages/pymoveit2)
[4.253s] DEBUG:colcon.colcon_core.event_handler.log_command:Invoked command in '/home/roboarm/panda_ws/build/panda_moveit' returned '0': CMAKE_PREFIX_PATH=/home/roboarm/panda_ws/install/panda_description:/home/roboarm/panda_ws/install/panda_bringup:/home/roboarm/panda_ws/install/pymoveit2:/home/roboarm/panda_ws/install/panda_moveit:/home/roboarm/panda_ws/install/panda_controller:/home/roboarm/panda_ws/install/panda_vision:/home/roboarm/panda_ws/install/panda_nlp:/opt/ros/humble /usr/bin/cmake /home/roboarm/panda_ws/src/panda_moveit -DCMAKE_INSTALL_PREFIX=/home/roboarm/panda_ws/install/panda_moveit
[4.253s] DEBUG:colcon.colcon_core.event_handler.log_command:Invoking command in '/home/roboarm/panda_ws/build/panda_moveit': CMAKE_PREFIX_PATH=/home/roboarm/panda_ws/install/panda_description:/home/roboarm/panda_ws/install/panda_bringup:/home/roboarm/panda_ws/install/pymoveit2:/home/roboarm/panda_ws/install/panda_moveit:/home/roboarm/panda_ws/install/panda_controller:/home/roboarm/panda_ws/install/panda_vision:/home/roboarm/panda_ws/install/panda_nlp:/opt/ros/humble /usr/bin/cmake --build /home/roboarm/panda_ws/build/panda_moveit -- -j6 -l6
[4.302s] DEBUG:colcon.colcon_core.event_handler.log_command:Invoked command in '/home/roboarm/panda_ws/build/panda_moveit' returned '0': CMAKE_PREFIX_PATH=/home/roboarm/panda_ws/install/panda_description:/home/roboarm/panda_ws/install/panda_bringup:/home/roboarm/panda_ws/install/pymoveit2:/home/roboarm/panda_ws/install/panda_moveit:/home/roboarm/panda_ws/install/panda_controller:/home/roboarm/panda_ws/install/panda_vision:/home/roboarm/panda_ws/install/panda_nlp:/opt/ros/humble /usr/bin/cmake --build /home/roboarm/panda_ws/build/panda_moveit -- -j6 -l6
[4.307s] DEBUG:colcon.colcon_core.event_handler.log_command:Invoking command in '/home/roboarm/panda_ws/build/panda_moveit': CMAKE_PREFIX_PATH=/home/roboarm/panda_ws/install/panda_description:/home/roboarm/panda_ws/install/panda_bringup:/home/roboarm/panda_ws/install/pymoveit2:/home/roboarm/panda_ws/install/panda_moveit:/home/roboarm/panda_ws/install/panda_controller:/home/roboarm/panda_ws/install/panda_vision:/home/roboarm/panda_ws/install/panda_nlp:/opt/ros/humble /usr/bin/cmake --install /home/roboarm/panda_ws/build/panda_moveit
[4.331s] Level 1:colcon.colcon_core.environment:create_environment_scripts_only(panda_moveit)
[4.331s] Level 1:colcon.colcon_core.environment:checking '/home/roboarm/panda_ws/install/panda_moveit' for CMake module files
[4.332s] DEBUG:colcon.colcon_core.event_handler.log_command:Invoked command in '/home/roboarm/panda_ws/build/panda_moveit' returned '0': CMAKE_PREFIX_PATH=/home/roboarm/panda_ws/install/panda_description:/home/roboarm/panda_ws/install/panda_bringup:/home/roboarm/panda_ws/install/pymoveit2:/home/roboarm/panda_ws/install/panda_moveit:/home/roboarm/panda_ws/install/panda_controller:/home/roboarm/panda_ws/install/panda_vision:/home/roboarm/panda_ws/install/panda_nlp:/opt/ros/humble /usr/bin/cmake --install /home/roboarm/panda_ws/build/panda_moveit
[4.332s] Level 1:colcon.colcon_core.environment:checking '/home/roboarm/panda_ws/install/panda_moveit' for CMake config files
[4.332s] Level 1:colcon.colcon_core.shell:create_environment_hook('panda_moveit', 'cmake_prefix_path')
[4.332s] INFO:colcon.colcon_core.shell:Creating environment hook '/home/roboarm/panda_ws/install/panda_moveit/share/panda_moveit/hook/cmake_prefix_path.ps1'
[4.333s] INFO:colcon.colcon_core.shell:Creating environment descriptor '/home/roboarm/panda_ws/install/panda_moveit/share/panda_moveit/hook/cmake_prefix_path.dsv'
[4.333s] INFO:colcon.colcon_core.shell:Creating environment hook '/home/roboarm/panda_ws/install/panda_moveit/share/panda_moveit/hook/cmake_prefix_path.sh'
[4.334s] Level 1:colcon.colcon_core.environment:checking '/home/roboarm/panda_ws/install/panda_moveit/bin'
[4.334s] Level 1:colcon.colcon_core.environment:checking '/home/roboarm/panda_ws/install/panda_moveit/lib/pkgconfig/panda_moveit.pc'
[4.334s] Level 1:colcon.colcon_core.environment:checking '/home/roboarm/panda_ws/install/panda_moveit/lib/python3.10/site-packages'
[4.334s] Level 1:colcon.colcon_core.environment:checking '/home/roboarm/panda_ws/install/panda_moveit/bin'
[4.334s] INFO:colcon.colcon_core.shell:Creating package script '/home/roboarm/panda_ws/install/panda_moveit/share/panda_moveit/package.ps1'
[4.335s] INFO:colcon.colcon_core.shell:Creating package descriptor '/home/roboarm/panda_ws/install/panda_moveit/share/panda_moveit/package.dsv'
[4.336s] INFO:colcon.colcon_core.shell:Creating package script '/home/roboarm/panda_ws/install/panda_moveit/share/panda_moveit/package.sh'
[4.336s] INFO:colcon.colcon_core.shell:Creating package script '/home/roboarm/panda_ws/install/panda_moveit/share/panda_moveit/package.bash'
[4.336s] INFO:colcon.colcon_core.shell:Creating package script '/home/roboarm/panda_ws/install/panda_moveit/share/panda_moveit/package.zsh'
[4.337s] Level 1:colcon.colcon_core.environment:create_file_with_runtime_dependencies(/home/roboarm/panda_ws/install/panda_moveit/share/colcon-core/packages/panda_moveit)
[4.337s] Level 1:colcon.colcon_core.environment:create_environment_scripts_only(panda_moveit)
[4.337s] Level 1:colcon.colcon_core.environment:checking '/home/roboarm/panda_ws/install/panda_moveit' for CMake module files
[4.338s] Level 1:colcon.colcon_core.environment:checking '/home/roboarm/panda_ws/install/panda_moveit' for CMake config files
[4.338s] Level 1:colcon.colcon_core.shell:create_environment_hook('panda_moveit', 'cmake_prefix_path')
[4.338s] INFO:colcon.colcon_core.shell:Creating environment hook '/home/roboarm/panda_ws/install/panda_moveit/share/panda_moveit/hook/cmake_prefix_path.ps1'
[4.338s] INFO:colcon.colcon_core.shell:Creating environment descriptor '/home/roboarm/panda_ws/install/panda_moveit/share/panda_moveit/hook/cmake_prefix_path.dsv'
[4.339s] INFO:colcon.colcon_core.shell:Creating environment hook '/home/roboarm/panda_ws/install/panda_moveit/share/panda_moveit/hook/cmake_prefix_path.sh'
[4.339s] Level 1:colcon.colcon_core.environment:checking '/home/roboarm/panda_ws/install/panda_moveit/bin'
[4.339s] Level 1:colcon.colcon_core.environment:checking '/home/roboarm/panda_ws/install/panda_moveit/lib/pkgconfig/panda_moveit.pc'
[4.339s] Level 1:colcon.colcon_core.environment:checking '/home/roboarm/panda_ws/install/panda_moveit/lib/python3.10/site-packages'
[4.340s] Level 1:colcon.colcon_core.environment:checking '/home/roboarm/panda_ws/install/panda_moveit/bin'
[4.340s] INFO:colcon.colcon_core.shell:Creating package script '/home/roboarm/panda_ws/install/panda_moveit/share/panda_moveit/package.ps1'
[4.340s] INFO:colcon.colcon_core.shell:Creating package descriptor '/home/roboarm/panda_ws/install/panda_moveit/share/panda_moveit/package.dsv'
[4.341s] INFO:colcon.colcon_core.shell:Creating package script '/home/roboarm/panda_ws/install/panda_moveit/share/panda_moveit/package.sh'
[4.341s] INFO:colcon.colcon_core.shell:Creating package script '/home/roboarm/panda_ws/install/panda_moveit/share/panda_moveit/package.bash'
[4.342s] INFO:colcon.colcon_core.shell:Creating package script '/home/roboarm/panda_ws/install/panda_moveit/share/panda_moveit/package.zsh'
[4.343s] Level 1:colcon.colcon_core.environment:create_file_with_runtime_dependencies(/home/roboarm/panda_ws/install/panda_moveit/share/colcon-core/packages/panda_moveit)
[5.763s] DEBUG:colcon.colcon_core.event_handler.log_command:Invoked command in '/home/roboarm/panda_ws/build/panda_controller' returned '0': CMAKE_PREFIX_PATH=/home/roboarm/panda_ws/install/panda_description:/home/roboarm/panda_ws/install/panda_bringup:/home/roboarm/panda_ws/install/pymoveit2:/home/roboarm/panda_ws/install/panda_moveit:/home/roboarm/panda_ws/install/panda_controller:/home/roboarm/panda_ws/install/panda_vision:/home/roboarm/panda_ws/install/panda_nlp:/opt/ros/humble /usr/bin/cmake /home/roboarm/panda_ws/src/panda_controller -DCMAKE_INSTALL_PREFIX=/home/roboarm/panda_ws/install/panda_controller
[5.766s] DEBUG:colcon.colcon_core.event_handler.log_command:Invoking command in '/home/roboarm/panda_ws/build/panda_controller': CMAKE_PREFIX_PATH=/home/roboarm/panda_ws/install/panda_description:/home/roboarm/panda_ws/install/panda_bringup:/home/roboarm/panda_ws/install/pymoveit2:/home/roboarm/panda_ws/install/panda_moveit:/home/roboarm/panda_ws/install/panda_controller:/home/roboarm/panda_ws/install/panda_vision:/home/roboarm/panda_ws/install/panda_nlp:/opt/ros/humble /usr/bin/cmake --build /home/roboarm/panda_ws/build/panda_controller -- -j6 -l6
[6.139s] DEBUG:colcon.colcon_core.event_handler.log_command:Invoked command in '/home/roboarm/panda_ws/build/panda_controller' returned '0': CMAKE_PREFIX_PATH=/home/roboarm/panda_ws/install/panda_description:/home/roboarm/panda_ws/install/panda_bringup:/home/roboarm/panda_ws/install/pymoveit2:/home/roboarm/panda_ws/install/panda_moveit:/home/roboarm/panda_ws/install/panda_controller:/home/roboarm/panda_ws/install/panda_vision:/home/roboarm/panda_ws/install/panda_nlp:/opt/ros/humble /usr/bin/cmake --build /home/roboarm/panda_ws/build/panda_controller -- -j6 -l6
[6.142s] DEBUG:colcon.colcon_core.event_handler.log_command:Invoking command in '/home/roboarm/panda_ws/build/panda_controller': CMAKE_PREFIX_PATH=/home/roboarm/panda_ws/install/panda_description:/home/roboarm/panda_ws/install/panda_bringup:/home/roboarm/panda_ws/install/pymoveit2:/home/roboarm/panda_ws/install/panda_moveit:/home/roboarm/panda_ws/install/panda_controller:/home/roboarm/panda_ws/install/panda_vision:/home/roboarm/panda_ws/install/panda_nlp:/opt/ros/humble /usr/bin/cmake --install /home/roboarm/panda_ws/build/panda_controller
[6.196s] Level 1:colcon.colcon_core.environment:create_environment_scripts_only(panda_controller)
[6.196s] Level 1:colcon.colcon_core.environment:checking '/home/roboarm/panda_ws/install/panda_controller' for CMake module files
[6.197s] DEBUG:colcon.colcon_core.event_handler.log_command:Invoked command in '/home/roboarm/panda_ws/build/panda_controller' returned '0': CMAKE_PREFIX_PATH=/home/roboarm/panda_ws/install/panda_description:/home/roboarm/panda_ws/install/panda_bringup:/home/roboarm/panda_ws/install/pymoveit2:/home/roboarm/panda_ws/install/panda_moveit:/home/roboarm/panda_ws/install/panda_controller:/home/roboarm/panda_ws/install/panda_vision:/home/roboarm/panda_ws/install/panda_nlp:/opt/ros/humble /usr/bin/cmake --install /home/roboarm/panda_ws/build/panda_controller
[6.197s] Level 1:colcon.colcon_core.environment:checking '/home/roboarm/panda_ws/install/panda_controller' for CMake config files
[6.197s] Level 1:colcon.colcon_core.shell:create_environment_hook('panda_controller', 'cmake_prefix_path')
[6.198s] INFO:colcon.colcon_core.shell:Creating environment hook '/home/roboarm/panda_ws/install/panda_controller/share/panda_controller/hook/cmake_prefix_path.ps1'
[6.198s] INFO:colcon.colcon_core.shell:Creating environment descriptor '/home/roboarm/panda_ws/install/panda_controller/share/panda_controller/hook/cmake_prefix_path.dsv'
[6.198s] INFO:colcon.colcon_core.shell:Creating environment hook '/home/roboarm/panda_ws/install/panda_controller/share/panda_controller/hook/cmake_prefix_path.sh'
[6.199s] Level 1:colcon.colcon_core.environment:checking '/home/roboarm/panda_ws/install/panda_controller/lib'
[6.199s] Level 1:colcon.colcon_core.environment:checking '/home/roboarm/panda_ws/install/panda_controller/bin'
[6.199s] Level 1:colcon.colcon_core.environment:checking '/home/roboarm/panda_ws/install/panda_controller/lib/pkgconfig/panda_controller.pc'
[6.199s] Level 1:colcon.colcon_core.environment:checking '/home/roboarm/panda_ws/install/panda_controller/lib/python3.10/site-packages'
[6.199s] Level 1:colcon.colcon_core.environment:checking '/home/roboarm/panda_ws/install/panda_controller/bin'
[6.199s] INFO:colcon.colcon_core.shell:Creating package script '/home/roboarm/panda_ws/install/panda_controller/share/panda_controller/package.ps1'
[6.200s] INFO:colcon.colcon_core.shell:Creating package descriptor '/home/roboarm/panda_ws/install/panda_controller/share/panda_controller/package.dsv'
[6.200s] INFO:colcon.colcon_core.shell:Creating package script '/home/roboarm/panda_ws/install/panda_controller/share/panda_controller/package.sh'
[6.201s] INFO:colcon.colcon_core.shell:Creating package script '/home/roboarm/panda_ws/install/panda_controller/share/panda_controller/package.bash'
[6.201s] INFO:colcon.colcon_core.shell:Creating package script '/home/roboarm/panda_ws/install/panda_controller/share/panda_controller/package.zsh'
[6.201s] Level 1:colcon.colcon_core.environment:create_file_with_runtime_dependencies(/home/roboarm/panda_ws/install/panda_controller/share/colcon-core/packages/panda_controller)
[6.201s] Level 1:colcon.colcon_core.environment:create_environment_scripts_only(panda_controller)
[6.201s] Level 1:colcon.colcon_core.environment:checking '/home/roboarm/panda_ws/install/panda_controller' for CMake module files
[6.202s] Level 1:colcon.colcon_core.environment:checking '/home/roboarm/panda_ws/install/panda_controller' for CMake config files
[6.202s] Level 1:colcon.colcon_core.shell:create_environment_hook('panda_controller', 'cmake_prefix_path')
[6.202s] INFO:colcon.colcon_core.shell:Creating environment hook '/home/roboarm/panda_ws/install/panda_controller/share/panda_controller/hook/cmake_prefix_path.ps1'
[6.203s] INFO:colcon.colcon_core.shell:Creating environment descriptor '/home/roboarm/panda_ws/install/panda_controller/share/panda_controller/hook/cmake_prefix_path.dsv'
[6.203s] INFO:colcon.colcon_core.shell:Creating environment hook '/home/roboarm/panda_ws/install/panda_controller/share/panda_controller/hook/cmake_prefix_path.sh'
[6.203s] Level 1:colcon.colcon_core.environment:checking '/home/roboarm/panda_ws/install/panda_controller/lib'
[6.204s] Level 1:colcon.colcon_core.environment:checking '/home/roboarm/panda_ws/install/panda_controller/bin'
[6.204s] Level 1:colcon.colcon_core.environment:checking '/home/roboarm/panda_ws/install/panda_controller/lib/pkgconfig/panda_controller.pc'
[6.204s] Level 1:colcon.colcon_core.environment:checking '/home/roboarm/panda_ws/install/panda_controller/lib/python3.10/site-packages'
[6.204s] Level 1:colcon.colcon_core.environment:checking '/home/roboarm/panda_ws/install/panda_controller/bin'
[6.204s] INFO:colcon.colcon_core.shell:Creating package script '/home/roboarm/panda_ws/install/panda_controller/share/panda_controller/package.ps1'
[6.204s] INFO:colcon.colcon_core.shell:Creating package descriptor '/home/roboarm/panda_ws/install/panda_controller/share/panda_controller/package.dsv'
[6.205s] INFO:colcon.colcon_core.shell:Creating package script '/home/roboarm/panda_ws/install/panda_controller/share/panda_controller/package.sh'
[6.205s] INFO:colcon.colcon_core.shell:Creating package script '/home/roboarm/panda_ws/install/panda_controller/share/panda_controller/package.bash'
[6.206s] INFO:colcon.colcon_core.shell:Creating package script '/home/roboarm/panda_ws/install/panda_controller/share/panda_controller/package.zsh'
[6.208s] Level 1:colcon.colcon_core.environment:create_file_with_runtime_dependencies(/home/roboarm/panda_ws/install/panda_controller/share/colcon-core/packages/panda_controller)
[6.209s] INFO:colcon.colcon_ros.task.ament_cmake.build:Building ROS package in '/home/roboarm/panda_ws/src/panda_bringup' with build type 'ament_cmake'
[6.209s] INFO:colcon.colcon_cmake.task.cmake.build:Building CMake package in '/home/roboarm/panda_ws/src/panda_bringup'
[6.209s] INFO:colcon.colcon_core.shell:Skip shell extension 'powershell' for command environment: Not usable outside of PowerShell
[6.209s] DEBUG:colcon.colcon_core.shell:Skip shell extension 'dsv' for command environment
[6.226s] DEBUG:colcon.colcon_core.event_handler.log_command:Invoking command in '/home/roboarm/panda_ws/build/panda_bringup': AMENT_PREFIX_PATH=/home/roboarm/panda_ws/install/panda_vision:/home/roboarm/panda_ws/install/panda_bringup:/home/roboarm/panda_ws/install/pymoveit2:/home/roboarm/panda_ws/install/panda_nlp:/home/roboarm/panda_ws/install/panda_moveit:/home/roboarm/panda_ws/install/panda_controller:/home/roboarm/panda_ws/install/panda_description:/opt/ros/humble CMAKE_PREFIX_PATH=/home/roboarm/panda_ws/install/panda_moveit:/home/roboarm/panda_ws/install/panda_controller:/home/roboarm/panda_ws/install/pymoveit2:/home/roboarm/panda_ws/install/panda_description:/home/roboarm/panda_ws/install/panda_bringup:/home/roboarm/panda_ws/install/panda_vision:/home/roboarm/panda_ws/install/panda_nlp:/opt/ros/humble PYTHONPATH=/home/roboarm/panda_ws/install/panda_vision/lib/python3.10/site-packages:/home/roboarm/panda_ws/install/pymoveit2/local/lib/python3.10/dist-packages:/home/roboarm/panda_ws/build/panda_vision:/home/roboarm/panda_ws/build/panda_nlp:/home/roboarm/panda_ws/install/panda_nlp/lib/python3.10/site-packages:/home/roboarm/panda_ws/install/panda_controller/local/lib/python3.10/dist-packages:/opt/ros/humble/lib/python3.10/site-packages:/opt/ros/humble/local/lib/python3.10/dist-packages /usr/bin/cmake /home/roboarm/panda_ws/src/panda_bringup -DCMAKE_INSTALL_PREFIX=/home/roboarm/panda_ws/install/panda_bringup
[6.875s] DEBUG:colcon.colcon_core.event_handler.log_command:Invoked command in '/home/roboarm/panda_ws/build/panda_bringup' returned '0': AMENT_PREFIX_PATH=/home/roboarm/panda_ws/install/panda_vision:/home/roboarm/panda_ws/install/panda_bringup:/home/roboarm/panda_ws/install/pymoveit2:/home/roboarm/panda_ws/install/panda_nlp:/home/roboarm/panda_ws/install/panda_moveit:/home/roboarm/panda_ws/install/panda_controller:/home/roboarm/panda_ws/install/panda_description:/opt/ros/humble CMAKE_PREFIX_PATH=/home/roboarm/panda_ws/install/panda_moveit:/home/roboarm/panda_ws/install/panda_controller:/home/roboarm/panda_ws/install/pymoveit2:/home/roboarm/panda_ws/install/panda_description:/home/roboarm/panda_ws/install/panda_bringup:/home/roboarm/panda_ws/install/panda_vision:/home/roboarm/panda_ws/install/panda_nlp:/opt/ros/humble PYTHONPATH=/home/roboarm/panda_ws/install/panda_vision/lib/python3.10/site-packages:/home/roboarm/panda_ws/install/pymoveit2/local/lib/python3.10/dist-packages:/home/roboarm/panda_ws/build/panda_vision:/home/roboarm/panda_ws/build/panda_nlp:/home/roboarm/panda_ws/install/panda_nlp/lib/python3.10/site-packages:/home/roboarm/panda_ws/install/panda_controller/local/lib/python3.10/dist-packages:/opt/ros/humble/lib/python3.10/site-packages:/opt/ros/humble/local/lib/python3.10/dist-packages /usr/bin/cmake /home/roboarm/panda_ws/src/panda_bringup -DCMAKE_INSTALL_PREFIX=/home/roboarm/panda_ws/install/panda_bringup
[6.876s] DEBUG:colcon.colcon_core.event_handler.log_command:Invoking command in '/home/roboarm/panda_ws/build/panda_bringup': AMENT_PREFIX_PATH=/home/roboarm/panda_ws/install/panda_vision:/home/roboarm/panda_ws/install/panda_bringup:/home/roboarm/panda_ws/install/pymoveit2:/home/roboarm/panda_ws/install/panda_nlp:/home/roboarm/panda_ws/install/panda_moveit:/home/roboarm/panda_ws/install/panda_controller:/home/roboarm/panda_ws/install/panda_description:/opt/ros/humble CMAKE_PREFIX_PATH=/home/roboarm/panda_ws/install/panda_moveit:/home/roboarm/panda_ws/install/panda_controller:/home/roboarm/panda_ws/install/pymoveit2:/home/roboarm/panda_ws/install/panda_description:/home/roboarm/panda_ws/install/panda_bringup:/home/roboarm/panda_ws/install/panda_vision:/home/roboarm/panda_ws/install/panda_nlp:/opt/ros/humble PYTHONPATH=/home/roboarm/panda_ws/install/panda_vision/lib/python3.10/site-packages:/home/roboarm/panda_ws/install/pymoveit2/local/lib/python3.10/dist-packages:/home/roboarm/panda_ws/build/panda_vision:/home/roboarm/panda_ws/build/panda_nlp:/home/roboarm/panda_ws/install/panda_nlp/lib/python3.10/site-packages:/home/roboarm/panda_ws/install/panda_controller/local/lib/python3.10/dist-packages:/opt/ros/humble/lib/python3.10/site-packages:/opt/ros/humble/local/lib/python3.10/dist-packages /usr/bin/cmake --build /home/roboarm/panda_ws/build/panda_bringup -- -j6 -l6
[6.925s] DEBUG:colcon.colcon_core.event_handler.log_command:Invoked command in '/home/roboarm/panda_ws/build/panda_bringup' returned '0': AMENT_PREFIX_PATH=/home/roboarm/panda_ws/install/panda_vision:/home/roboarm/panda_ws/install/panda_bringup:/home/roboarm/panda_ws/install/pymoveit2:/home/roboarm/panda_ws/install/panda_nlp:/home/roboarm/panda_ws/install/panda_moveit:/home/roboarm/panda_ws/install/panda_controller:/home/roboarm/panda_ws/install/panda_description:/opt/ros/humble CMAKE_PREFIX_PATH=/home/roboarm/panda_ws/install/panda_moveit:/home/roboarm/panda_ws/install/panda_controller:/home/roboarm/panda_ws/install/pymoveit2:/home/roboarm/panda_ws/install/panda_description:/home/roboarm/panda_ws/install/panda_bringup:/home/roboarm/panda_ws/install/panda_vision:/home/roboarm/panda_ws/install/panda_nlp:/opt/ros/humble PYTHONPATH=/home/roboarm/panda_ws/install/panda_vision/lib/python3.10/site-packages:/home/roboarm/panda_ws/install/pymoveit2/local/lib/python3.10/dist-packages:/home/roboarm/panda_ws/build/panda_vision:/home/roboarm/panda_ws/build/panda_nlp:/home/roboarm/panda_ws/install/panda_nlp/lib/python3.10/site-packages:/home/roboarm/panda_ws/install/panda_controller/local/lib/python3.10/dist-packages:/opt/ros/humble/lib/python3.10/site-packages:/opt/ros/humble/local/lib/python3.10/dist-packages /usr/bin/cmake --build /home/roboarm/panda_ws/build/panda_bringup -- -j6 -l6
[6.928s] DEBUG:colcon.colcon_core.event_handler.log_command:Invoking command in '/home/roboarm/panda_ws/build/panda_bringup': AMENT_PREFIX_PATH=/home/roboarm/panda_ws/install/panda_vision:/home/roboarm/panda_ws/install/panda_bringup:/home/roboarm/panda_ws/install/pymoveit2:/home/roboarm/panda_ws/install/panda_nlp:/home/roboarm/panda_ws/install/panda_moveit:/home/roboarm/panda_ws/install/panda_controller:/home/roboarm/panda_ws/install/panda_description:/opt/ros/humble CMAKE_PREFIX_PATH=/home/roboarm/panda_ws/install/panda_moveit:/home/roboarm/panda_ws/install/panda_controller:/home/roboarm/panda_ws/install/pymoveit2:/home/roboarm/panda_ws/install/panda_description:/home/roboarm/panda_ws/install/panda_bringup:/home/roboarm/panda_ws/install/panda_vision:/home/roboarm/panda_ws/install/panda_nlp:/opt/ros/humble PYTHONPATH=/home/roboarm/panda_ws/install/panda_vision/lib/python3.10/site-packages:/home/roboarm/panda_ws/install/pymoveit2/local/lib/python3.10/dist-packages:/home/roboarm/panda_ws/build/panda_vision:/home/roboarm/panda_ws/build/panda_nlp:/home/roboarm/panda_ws/install/panda_nlp/lib/python3.10/site-packages:/home/roboarm/panda_ws/install/panda_controller/local/lib/python3.10/dist-packages:/opt/ros/humble/lib/python3.10/site-packages:/opt/ros/humble/local/lib/python3.10/dist-packages /usr/bin/cmake --install /home/roboarm/panda_ws/build/panda_bringup
[6.945s] Level 1:colcon.colcon_core.environment:create_environment_scripts_only(panda_bringup)
[6.946s] Level 1:colcon.colcon_core.environment:checking '/home/roboarm/panda_ws/install/panda_bringup' for CMake module files
[6.947s] DEBUG:colcon.colcon_core.event_handler.log_command:Invoked command in '/home/roboarm/panda_ws/build/panda_bringup' returned '0': AMENT_PREFIX_PATH=/home/roboarm/panda_ws/install/panda_vision:/home/roboarm/panda_ws/install/panda_bringup:/home/roboarm/panda_ws/install/pymoveit2:/home/roboarm/panda_ws/install/panda_nlp:/home/roboarm/panda_ws/install/panda_moveit:/home/roboarm/panda_ws/install/panda_controller:/home/roboarm/panda_ws/install/panda_description:/opt/ros/humble CMAKE_PREFIX_PATH=/home/roboarm/panda_ws/install/panda_moveit:/home/roboarm/panda_ws/install/panda_controller:/home/roboarm/panda_ws/install/pymoveit2:/home/roboarm/panda_ws/install/panda_description:/home/roboarm/panda_ws/install/panda_bringup:/home/roboarm/panda_ws/install/panda_vision:/home/roboarm/panda_ws/install/panda_nlp:/opt/ros/humble PYTHONPATH=/home/roboarm/panda_ws/install/panda_vision/lib/python3.10/site-packages:/home/roboarm/panda_ws/install/pymoveit2/local/lib/python3.10/dist-packages:/home/roboarm/panda_ws/build/panda_vision:/home/roboarm/panda_ws/build/panda_nlp:/home/roboarm/panda_ws/install/panda_nlp/lib/python3.10/site-packages:/home/roboarm/panda_ws/install/panda_controller/local/lib/python3.10/dist-packages:/opt/ros/humble/lib/python3.10/site-packages:/opt/ros/humble/local/lib/python3.10/dist-packages /usr/bin/cmake --install /home/roboarm/panda_ws/build/panda_bringup
[6.947s] Level 1:colcon.colcon_core.environment:checking '/home/roboarm/panda_ws/install/panda_bringup' for CMake config files
[6.947s] Level 1:colcon.colcon_core.shell:create_environment_hook('panda_bringup', 'cmake_prefix_path')
[6.947s] INFO:colcon.colcon_core.shell:Creating environment hook '/home/roboarm/panda_ws/install/panda_bringup/share/panda_bringup/hook/cmake_prefix_path.ps1'
[6.948s] INFO:colcon.colcon_core.shell:Creating environment descriptor '/home/roboarm/panda_ws/install/panda_bringup/share/panda_bringup/hook/cmake_prefix_path.dsv'
[6.948s] INFO:colcon.colcon_core.shell:Creating environment hook '/home/roboarm/panda_ws/install/panda_bringup/share/panda_bringup/hook/cmake_prefix_path.sh'
[6.949s] Level 1:colcon.colcon_core.environment:checking '/home/roboarm/panda_ws/install/panda_bringup/bin'
[6.949s] Level 1:colcon.colcon_core.environment:checking '/home/roboarm/panda_ws/install/panda_bringup/lib/pkgconfig/panda_bringup.pc'
[6.949s] Level 1:colcon.colcon_core.environment:checking '/home/roboarm/panda_ws/install/panda_bringup/lib/python3.10/site-packages'
[6.949s] Level 1:colcon.colcon_core.environment:checking '/home/roboarm/panda_ws/install/panda_bringup/bin'
[6.949s] INFO:colcon.colcon_core.shell:Creating package script '/home/roboarm/panda_ws/install/panda_bringup/share/panda_bringup/package.ps1'
[6.950s] INFO:colcon.colcon_core.shell:Creating package descriptor '/home/roboarm/panda_ws/install/panda_bringup/share/panda_bringup/package.dsv'
[6.950s] INFO:colcon.colcon_core.shell:Creating package script '/home/roboarm/panda_ws/install/panda_bringup/share/panda_bringup/package.sh'
[6.951s] INFO:colcon.colcon_core.shell:Creating package script '/home/roboarm/panda_ws/install/panda_bringup/share/panda_bringup/package.bash'
[6.951s] INFO:colcon.colcon_core.shell:Creating package script '/home/roboarm/panda_ws/install/panda_bringup/share/panda_bringup/package.zsh'
[6.951s] Level 1:colcon.colcon_core.environment:create_file_with_runtime_dependencies(/home/roboarm/panda_ws/install/panda_bringup/share/colcon-core/packages/panda_bringup)
[6.951s] Level 1:colcon.colcon_core.environment:create_environment_scripts_only(panda_bringup)
[6.952s] Level 1:colcon.colcon_core.environment:checking '/home/roboarm/panda_ws/install/panda_bringup' for CMake module files
[6.952s] Level 1:colcon.colcon_core.environment:checking '/home/roboarm/panda_ws/install/panda_bringup' for CMake config files
[6.953s] Level 1:colcon.colcon_core.shell:create_environment_hook('panda_bringup', 'cmake_prefix_path')
[6.953s] INFO:colcon.colcon_core.shell:Creating environment hook '/home/roboarm/panda_ws/install/panda_bringup/share/panda_bringup/hook/cmake_prefix_path.ps1'
[6.953s] INFO:colcon.colcon_core.shell:Creating environment descriptor '/home/roboarm/panda_ws/install/panda_bringup/share/panda_bringup/hook/cmake_prefix_path.dsv'
[6.954s] INFO:colcon.colcon_core.shell:Creating environment hook '/home/roboarm/panda_ws/install/panda_bringup/share/panda_bringup/hook/cmake_prefix_path.sh'
[6.954s] Level 1:colcon.colcon_core.environment:checking '/home/roboarm/panda_ws/install/panda_bringup/bin'
[6.954s] Level 1:colcon.colcon_core.environment:checking '/home/roboarm/panda_ws/install/panda_bringup/lib/pkgconfig/panda_bringup.pc'
[6.954s] Level 1:colcon.colcon_core.environment:checking '/home/roboarm/panda_ws/install/panda_bringup/lib/python3.10/site-packages'
[6.955s] Level 1:colcon.colcon_core.environment:checking '/home/roboarm/panda_ws/install/panda_bringup/bin'
[6.955s] INFO:colcon.colcon_core.shell:Creating package script '/home/roboarm/panda_ws/install/panda_bringup/share/panda_bringup/package.ps1'
[6.955s] INFO:colcon.colcon_core.shell:Creating package descriptor '/home/roboarm/panda_ws/install/panda_bringup/share/panda_bringup/package.dsv'
[6.956s] INFO:colcon.colcon_core.shell:Creating package script '/home/roboarm/panda_ws/install/panda_bringup/share/panda_bringup/package.sh'
[6.956s] INFO:colcon.colcon_core.shell:Creating package script '/home/roboarm/panda_ws/install/panda_bringup/share/panda_bringup/package.bash'
[6.957s] INFO:colcon.colcon_core.shell:Creating package script '/home/roboarm/panda_ws/install/panda_bringup/share/panda_bringup/package.zsh'
[6.957s] Level 1:colcon.colcon_core.environment:create_file_with_runtime_dependencies(/home/roboarm/panda_ws/install/panda_bringup/share/colcon-core/packages/panda_bringup)
[6.957s] DEBUG:colcon.colcon_parallel_executor.executor.parallel:closing loop
[6.958s] DEBUG:colcon.colcon_parallel_executor.executor.parallel:loop closed
[6.958s] DEBUG:colcon.colcon_parallel_executor.executor.parallel:run_until_complete finished with '0'
[6.958s] DEBUG:colcon.colcon_core.event_reactor:joining thread
[6.977s] INFO:colcon.colcon_core.plugin_system:Skipping extension 'colcon_notification.desktop_notification.terminal_notifier': Not used on non-Darwin systems
[6.977s] INFO:colcon.colcon_core.plugin_system:Skipping extension 'colcon_notification.desktop_notification.win32': Not used on non-Windows systems
[6.977s] INFO:colcon.colcon_notification.desktop_notification:Sending desktop notification using 'notify2'
[7.047s] DEBUG:colcon.colcon_core.event_reactor:joined thread
[7.048s] INFO:colcon.colcon_core.shell:Creating prefix script '/home/roboarm/panda_ws/install/local_setup.ps1'
[7.049s] INFO:colcon.colcon_core.shell:Creating prefix util module '/home/roboarm/panda_ws/install/_local_setup_util_ps1.py'
[7.052s] INFO:colcon.colcon_core.shell:Creating prefix chain script '/home/roboarm/panda_ws/install/setup.ps1'
[7.053s] INFO:colcon.colcon_core.shell:Creating prefix script '/home/roboarm/panda_ws/install/local_setup.sh'
[7.055s] INFO:colcon.colcon_core.shell:Creating prefix util module '/home/roboarm/panda_ws/install/_local_setup_util_sh.py'
[7.055s] INFO:colcon.colcon_core.shell:Creating prefix chain script '/home/roboarm/panda_ws/install/setup.sh'
[7.057s] INFO:colcon.colcon_core.shell:Creating prefix script '/home/roboarm/panda_ws/install/local_setup.bash'
[7.057s] INFO:colcon.colcon_core.shell:Creating prefix chain script '/home/roboarm/panda_ws/install/setup.bash'
[7.059s] INFO:colcon.colcon_core.shell:Creating prefix script '/home/roboarm/panda_ws/install/local_setup.zsh'
[7.060s] INFO:colcon.colcon_core.shell:Creating prefix chain script '/home/roboarm/panda_ws/install/setup.zsh'
