[1.065s] Invoking command in '/home/roboarm/panda_ws/src/panda_vision': PYTHONPATH=/home/roboarm/panda_ws/build/panda_vision/prefix_override:/usr/lib/python3/dist-packages/colcon_core/task/python/colcon_distutils_commands:/home/roboarm/panda_ws/install/panda_vision/lib/python3.10/site-packages:${PYTHONPATH} /usr/bin/python3 -W ignore:setup.py install is deprecated -W ignore:easy_install command is deprecated setup.py egg_info --egg-base ../../build/panda_vision build --build-base /home/roboarm/panda_ws/build/panda_vision/build install --record /home/roboarm/panda_ws/build/panda_vision/install.log --single-version-externally-managed install_data
[1.253s] running egg_info
[1.254s] creating ../../build/panda_vision/panda_vision.egg-info
[1.254s] writing ../../build/panda_vision/panda_vision.egg-info/PKG-INFO
[1.255s] writing dependency_links to ../../build/panda_vision/panda_vision.egg-info/dependency_links.txt
[1.255s] writing entry points to ../../build/panda_vision/panda_vision.egg-info/entry_points.txt
[1.255s] writing requirements to ../../build/panda_vision/panda_vision.egg-info/requires.txt
[1.255s] writing top-level names to ../../build/panda_vision/panda_vision.egg-info/top_level.txt
[1.255s] writing manifest file '../../build/panda_vision/panda_vision.egg-info/SOURCES.txt'
[1.256s] reading manifest file '../../build/panda_vision/panda_vision.egg-info/SOURCES.txt'
[1.258s] writing manifest file '../../build/panda_vision/panda_vision.egg-info/SOURCES.txt'
[1.258s] running build
[1.258s] running build_py
[1.259s] creating /home/roboarm/panda_ws/build/panda_vision/build
[1.259s] creating /home/roboarm/panda_ws/build/panda_vision/build/lib
[1.259s] creating /home/roboarm/panda_ws/build/panda_vision/build/lib/panda_vision
[1.259s] copying panda_vision/color_detector.py -> /home/roboarm/panda_ws/build/panda_vision/build/lib/panda_vision
[1.259s] copying panda_vision/__init__.py -> /home/roboarm/panda_ws/build/panda_vision/build/lib/panda_vision
[1.259s] running install
[1.259s] running install_lib
[1.260s] creating /home/roboarm/panda_ws/install/panda_vision/lib/python3.10/site-packages/panda_vision
[1.260s] copying /home/roboarm/panda_ws/build/panda_vision/build/lib/panda_vision/color_detector.py -> /home/roboarm/panda_ws/install/panda_vision/lib/python3.10/site-packages/panda_vision
[1.260s] copying /home/roboarm/panda_ws/build/panda_vision/build/lib/panda_vision/__init__.py -> /home/roboarm/panda_ws/install/panda_vision/lib/python3.10/site-packages/panda_vision
[1.261s] byte-compiling /home/roboarm/panda_ws/install/panda_vision/lib/python3.10/site-packages/panda_vision/color_detector.py to color_detector.cpython-310.pyc
[1.262s] byte-compiling /home/roboarm/panda_ws/install/panda_vision/lib/python3.10/site-packages/panda_vision/__init__.py to __init__.cpython-310.pyc
[1.262s] running install_data
[1.262s] creating /home/roboarm/panda_ws/install/panda_vision/share/ament_index
[1.262s] creating /home/roboarm/panda_ws/install/panda_vision/share/ament_index/resource_index
[1.262s] creating /home/roboarm/panda_ws/install/panda_vision/share/ament_index/resource_index/packages
[1.262s] copying resource/panda_vision -> /home/roboarm/panda_ws/install/panda_vision/share/ament_index/resource_index/packages
[1.263s] copying package.xml -> /home/roboarm/panda_ws/install/panda_vision/share/panda_vision
[1.263s] running install_egg_info
[1.264s] Copying ../../build/panda_vision/panda_vision.egg-info to /home/roboarm/panda_ws/install/panda_vision/lib/python3.10/site-packages/panda_vision-0.0.0-py3.10.egg-info
[1.265s] running install_scripts
[1.281s] Installing color_detector script to /home/roboarm/panda_ws/install/panda_vision/lib/panda_vision
[1.282s] writing list of installed files to '/home/roboarm/panda_ws/build/panda_vision/install.log'
[1.315s] Invoked command in '/home/roboarm/panda_ws/src/panda_vision' returned '0': PYTHONPATH=/home/roboarm/panda_ws/build/panda_vision/prefix_override:/usr/lib/python3/dist-packages/colcon_core/task/python/colcon_distutils_commands:/home/roboarm/panda_ws/install/panda_vision/lib/python3.10/site-packages:${PYTHONPATH} /usr/bin/python3 -W ignore:setup.py install is deprecated -W ignore:easy_install command is deprecated setup.py egg_info --egg-base ../../build/panda_vision build --build-base /home/roboarm/panda_ws/build/panda_vision/build install --record /home/roboarm/panda_ws/build/panda_vision/install.log --single-version-externally-managed install_data
