[0.016s] Invoking command in '/home/roboarm/panda_ws/build/panda_bringup': AMENT_PREFIX_PATH=/home/roboarm/panda_ws/install/panda_vision:/home/roboarm/panda_ws/install/panda_bringup:/home/roboarm/panda_ws/install/pymoveit2:/home/roboarm/panda_ws/install/panda_nlp:/home/roboarm/panda_ws/install/panda_moveit:/home/roboarm/panda_ws/install/panda_controller:/home/roboarm/panda_ws/install/panda_description:/opt/ros/humble CMAKE_PREFIX_PATH=/home/roboarm/panda_ws/install/panda_moveit:/home/roboarm/panda_ws/install/panda_controller:/home/roboarm/panda_ws/install/pymoveit2:/home/roboarm/panda_ws/install/panda_description:/home/roboarm/panda_ws/install/panda_bringup:/home/roboarm/panda_ws/install/panda_vision:/home/roboarm/panda_ws/install/panda_nlp:/opt/ros/humble PYTHONPATH=/home/roboarm/panda_ws/install/panda_vision/lib/python3.10/site-packages:/home/roboarm/panda_ws/install/pymoveit2/local/lib/python3.10/dist-packages:/home/roboarm/panda_ws/build/panda_vision:/home/roboarm/panda_ws/build/panda_nlp:/home/roboarm/panda_ws/install/panda_nlp/lib/python3.10/site-packages:/home/roboarm/panda_ws/install/panda_controller/local/lib/python3.10/dist-packages:/opt/ros/humble/lib/python3.10/site-packages:/opt/ros/humble/local/lib/python3.10/dist-packages /usr/bin/cmake /home/roboarm/panda_ws/src/panda_bringup -DCMAKE_INSTALL_PREFIX=/home/roboarm/panda_ws/install/panda_bringup
[0.077s] -- The C compiler identification is GNU 11.4.0
[0.141s] -- The CXX compiler identification is GNU 11.4.0
[0.149s] -- Detecting C compiler ABI info
[0.239s] -- Detecting C compiler ABI info - done
[0.244s] -- Check for working C compiler: /usr/bin/cc - skipped
[0.244s] -- Detecting C compile features
[0.245s] -- Detecting C compile features - done
[0.248s] -- Detecting CXX compiler ABI info
[0.346s] -- Detecting CXX compiler ABI info - done
[0.350s] -- Check for working CXX compiler: /usr/bin/c++ - skipped
[0.350s] -- Detecting CXX compile features
[0.351s] -- Detecting CXX compile features - done
[0.354s] -- Found ament_cmake: 1.3.13 (/opt/ros/humble/share/ament_cmake/cmake)
[0.501s] -- Found Python3: /usr/bin/python3 (found version "3.10.12") found components: Interpreter 
[0.653s] -- Configuring done
[0.657s] -- Generating done
[0.659s] -- Build files have been written to: /home/roboarm/panda_ws/build/panda_bringup
[0.665s] Invoked command in '/home/roboarm/panda_ws/build/panda_bringup' returned '0': AMENT_PREFIX_PATH=/home/roboarm/panda_ws/install/panda_vision:/home/roboarm/panda_ws/install/panda_bringup:/home/roboarm/panda_ws/install/pymoveit2:/home/roboarm/panda_ws/install/panda_nlp:/home/roboarm/panda_ws/install/panda_moveit:/home/roboarm/panda_ws/install/panda_controller:/home/roboarm/panda_ws/install/panda_description:/opt/ros/humble CMAKE_PREFIX_PATH=/home/roboarm/panda_ws/install/panda_moveit:/home/roboarm/panda_ws/install/panda_controller:/home/roboarm/panda_ws/install/pymoveit2:/home/roboarm/panda_ws/install/panda_description:/home/roboarm/panda_ws/install/panda_bringup:/home/roboarm/panda_ws/install/panda_vision:/home/roboarm/panda_ws/install/panda_nlp:/opt/ros/humble PYTHONPATH=/home/roboarm/panda_ws/install/panda_vision/lib/python3.10/site-packages:/home/roboarm/panda_ws/install/pymoveit2/local/lib/python3.10/dist-packages:/home/roboarm/panda_ws/build/panda_vision:/home/roboarm/panda_ws/build/panda_nlp:/home/roboarm/panda_ws/install/panda_nlp/lib/python3.10/site-packages:/home/roboarm/panda_ws/install/panda_controller/local/lib/python3.10/dist-packages:/opt/ros/humble/lib/python3.10/site-packages:/opt/ros/humble/local/lib/python3.10/dist-packages /usr/bin/cmake /home/roboarm/panda_ws/src/panda_bringup -DCMAKE_INSTALL_PREFIX=/home/roboarm/panda_ws/install/panda_bringup
[0.666s] Invoking command in '/home/roboarm/panda_ws/build/panda_bringup': AMENT_PREFIX_PATH=/home/roboarm/panda_ws/install/panda_vision:/home/roboarm/panda_ws/install/panda_bringup:/home/roboarm/panda_ws/install/pymoveit2:/home/roboarm/panda_ws/install/panda_nlp:/home/roboarm/panda_ws/install/panda_moveit:/home/roboarm/panda_ws/install/panda_controller:/home/roboarm/panda_ws/install/panda_description:/opt/ros/humble CMAKE_PREFIX_PATH=/home/roboarm/panda_ws/install/panda_moveit:/home/roboarm/panda_ws/install/panda_controller:/home/roboarm/panda_ws/install/pymoveit2:/home/roboarm/panda_ws/install/panda_description:/home/roboarm/panda_ws/install/panda_bringup:/home/roboarm/panda_ws/install/panda_vision:/home/roboarm/panda_ws/install/panda_nlp:/opt/ros/humble PYTHONPATH=/home/roboarm/panda_ws/install/panda_vision/lib/python3.10/site-packages:/home/roboarm/panda_ws/install/pymoveit2/local/lib/python3.10/dist-packages:/home/roboarm/panda_ws/build/panda_vision:/home/roboarm/panda_ws/build/panda_nlp:/home/roboarm/panda_ws/install/panda_nlp/lib/python3.10/site-packages:/home/roboarm/panda_ws/install/panda_controller/local/lib/python3.10/dist-packages:/opt/ros/humble/lib/python3.10/site-packages:/opt/ros/humble/local/lib/python3.10/dist-packages /usr/bin/cmake --build /home/roboarm/panda_ws/build/panda_bringup -- -j6 -l6
[0.715s] Invoked command in '/home/roboarm/panda_ws/build/panda_bringup' returned '0': AMENT_PREFIX_PATH=/home/roboarm/panda_ws/install/panda_vision:/home/roboarm/panda_ws/install/panda_bringup:/home/roboarm/panda_ws/install/pymoveit2:/home/roboarm/panda_ws/install/panda_nlp:/home/roboarm/panda_ws/install/panda_moveit:/home/roboarm/panda_ws/install/panda_controller:/home/roboarm/panda_ws/install/panda_description:/opt/ros/humble CMAKE_PREFIX_PATH=/home/roboarm/panda_ws/install/panda_moveit:/home/roboarm/panda_ws/install/panda_controller:/home/roboarm/panda_ws/install/pymoveit2:/home/roboarm/panda_ws/install/panda_description:/home/roboarm/panda_ws/install/panda_bringup:/home/roboarm/panda_ws/install/panda_vision:/home/roboarm/panda_ws/install/panda_nlp:/opt/ros/humble PYTHONPATH=/home/roboarm/panda_ws/install/panda_vision/lib/python3.10/site-packages:/home/roboarm/panda_ws/install/pymoveit2/local/lib/python3.10/dist-packages:/home/roboarm/panda_ws/build/panda_vision:/home/roboarm/panda_ws/build/panda_nlp:/home/roboarm/panda_ws/install/panda_nlp/lib/python3.10/site-packages:/home/roboarm/panda_ws/install/panda_controller/local/lib/python3.10/dist-packages:/opt/ros/humble/lib/python3.10/site-packages:/opt/ros/humble/local/lib/python3.10/dist-packages /usr/bin/cmake --build /home/roboarm/panda_ws/build/panda_bringup -- -j6 -l6
[0.718s] Invoking command in '/home/roboarm/panda_ws/build/panda_bringup': AMENT_PREFIX_PATH=/home/roboarm/panda_ws/install/panda_vision:/home/roboarm/panda_ws/install/panda_bringup:/home/roboarm/panda_ws/install/pymoveit2:/home/roboarm/panda_ws/install/panda_nlp:/home/roboarm/panda_ws/install/panda_moveit:/home/roboarm/panda_ws/install/panda_controller:/home/roboarm/panda_ws/install/panda_description:/opt/ros/humble CMAKE_PREFIX_PATH=/home/roboarm/panda_ws/install/panda_moveit:/home/roboarm/panda_ws/install/panda_controller:/home/roboarm/panda_ws/install/pymoveit2:/home/roboarm/panda_ws/install/panda_description:/home/roboarm/panda_ws/install/panda_bringup:/home/roboarm/panda_ws/install/panda_vision:/home/roboarm/panda_ws/install/panda_nlp:/opt/ros/humble PYTHONPATH=/home/roboarm/panda_ws/install/panda_vision/lib/python3.10/site-packages:/home/roboarm/panda_ws/install/pymoveit2/local/lib/python3.10/dist-packages:/home/roboarm/panda_ws/build/panda_vision:/home/roboarm/panda_ws/build/panda_nlp:/home/roboarm/panda_ws/install/panda_nlp/lib/python3.10/site-packages:/home/roboarm/panda_ws/install/panda_controller/local/lib/python3.10/dist-packages:/opt/ros/humble/lib/python3.10/site-packages:/opt/ros/humble/local/lib/python3.10/dist-packages /usr/bin/cmake --install /home/roboarm/panda_ws/build/panda_bringup
[0.728s] -- Install configuration: ""
[0.729s] -- Installing: /home/roboarm/panda_ws/install/panda_bringup/share/panda_bringup/launch
[0.729s] -- Installing: /home/roboarm/panda_ws/install/panda_bringup/share/panda_bringup/launch/pick_and_place.launch.py
[0.729s] -- Installing: /home/roboarm/panda_ws/install/panda_bringup/share/ament_index/resource_index/package_run_dependencies/panda_bringup
[0.729s] -- Installing: /home/roboarm/panda_ws/install/panda_bringup/share/ament_index/resource_index/parent_prefix_path/panda_bringup
[0.729s] -- Installing: /home/roboarm/panda_ws/install/panda_bringup/share/panda_bringup/environment/ament_prefix_path.sh
[0.730s] -- Installing: /home/roboarm/panda_ws/install/panda_bringup/share/panda_bringup/environment/ament_prefix_path.dsv
[0.730s] -- Installing: /home/roboarm/panda_ws/install/panda_bringup/share/panda_bringup/environment/path.sh
[0.730s] -- Installing: /home/roboarm/panda_ws/install/panda_bringup/share/panda_bringup/environment/path.dsv
[0.730s] -- Installing: /home/roboarm/panda_ws/install/panda_bringup/share/panda_bringup/local_setup.bash
[0.730s] -- Installing: /home/roboarm/panda_ws/install/panda_bringup/share/panda_bringup/local_setup.sh
[0.731s] -- Installing: /home/roboarm/panda_ws/install/panda_bringup/share/panda_bringup/local_setup.zsh
[0.731s] -- Installing: /home/roboarm/panda_ws/install/panda_bringup/share/panda_bringup/local_setup.dsv
[0.731s] -- Installing: /home/roboarm/panda_ws/install/panda_bringup/share/panda_bringup/package.dsv
[0.731s] -- Installing: /home/roboarm/panda_ws/install/panda_bringup/share/ament_index/resource_index/packages/panda_bringup
[0.732s] -- Installing: /home/roboarm/panda_ws/install/panda_bringup/share/panda_bringup/cmake/panda_bringupConfig.cmake
[0.732s] -- Installing: /home/roboarm/panda_ws/install/panda_bringup/share/panda_bringup/cmake/panda_bringupConfig-version.cmake
[0.732s] -- Installing: /home/roboarm/panda_ws/install/panda_bringup/share/panda_bringup/package.xml
[0.737s] Invoked command in '/home/roboarm/panda_ws/build/panda_bringup' returned '0': AMENT_PREFIX_PATH=/home/roboarm/panda_ws/install/panda_vision:/home/roboarm/panda_ws/install/panda_bringup:/home/roboarm/panda_ws/install/pymoveit2:/home/roboarm/panda_ws/install/panda_nlp:/home/roboarm/panda_ws/install/panda_moveit:/home/roboarm/panda_ws/install/panda_controller:/home/roboarm/panda_ws/install/panda_description:/opt/ros/humble CMAKE_PREFIX_PATH=/home/roboarm/panda_ws/install/panda_moveit:/home/roboarm/panda_ws/install/panda_controller:/home/roboarm/panda_ws/install/pymoveit2:/home/roboarm/panda_ws/install/panda_description:/home/roboarm/panda_ws/install/panda_bringup:/home/roboarm/panda_ws/install/panda_vision:/home/roboarm/panda_ws/install/panda_nlp:/opt/ros/humble PYTHONPATH=/home/roboarm/panda_ws/install/panda_vision/lib/python3.10/site-packages:/home/roboarm/panda_ws/install/pymoveit2/local/lib/python3.10/dist-packages:/home/roboarm/panda_ws/build/panda_vision:/home/roboarm/panda_ws/build/panda_nlp:/home/roboarm/panda_ws/install/panda_nlp/lib/python3.10/site-packages:/home/roboarm/panda_ws/install/panda_controller/local/lib/python3.10/dist-packages:/opt/ros/humble/lib/python3.10/site-packages:/opt/ros/humble/local/lib/python3.10/dist-packages /usr/bin/cmake --install /home/roboarm/panda_ws/build/panda_bringup
